{"/home/travis/build/npmtest/node-npmtest-bpmn-js/test.js":{"path":"/home/travis/build/npmtest/node-npmtest-bpmn-js/test.js","s":{"1":2,"2":2,"3":2,"4":2,"5":2,"6":2,"7":2,"8":1,"9":2,"10":2,"11":1,"12":1,"13":1,"14":1,"15":2,"16":2,"17":2,"18":2,"19":1,"20":1,"21":2,"22":2,"23":2,"24":1,"25":1,"26":1,"27":1,"28":1,"29":1,"30":1,"31":1,"32":1,"33":1,"34":1,"35":1,"36":1,"37":1,"38":1,"39":2,"40":2,"41":1,"42":2,"43":2,"44":1,"45":2,"46":2,"47":1,"48":2,"49":2,"50":1,"51":1,"52":1,"53":1,"54":1},"b":{"1":[2,1,1,1],"2":[1,1,1,1],"3":[1,1],"4":[1,1],"5":[1,1],"6":[1,1],"7":[1,1],"8":[1,1],"9":[1,1],"10":[1,1,1],"11":[1,1],"12":[1,1],"13":[1,1],"14":[1,1],"15":[1,1],"16":[1,1],"17":[1,1]},"f":{"1":2,"2":2,"3":2,"4":2,"5":2,"6":1,"7":1,"8":1,"9":2,"10":2,"11":2,"12":2,"13":1},"fnMap":{"1":{"name":"(anonymous_1)","line":12,"loc":{"start":{"line":12,"column":1},"end":{"line":12,"column":13}}},"2":{"name":"(anonymous_2)","line":19,"loc":{"start":{"line":19,"column":5},"end":{"line":19,"column":17}}},"3":{"name":"(anonymous_3)","line":23,"loc":{"start":{"line":23,"column":24},"end":{"line":23,"column":36}}},"4":{"name":"(anonymous_4)","line":61,"loc":{"start":{"line":61,"column":5},"end":{"line":61,"column":17}}},"5":{"name":"(anonymous_5)","line":82,"loc":{"start":{"line":82,"column":5},"end":{"line":82,"column":17}}},"6":{"name":"(anonymous_6)","line":91,"loc":{"start":{"line":91,"column":77},"end":{"line":94,"column":10}}},"7":{"name":"(anonymous_7)","line":112,"loc":{"start":{"line":112,"column":83},"end":{"line":115,"column":10}},"skip":true},"8":{"name":"(anonymous_8)","line":123,"loc":{"start":{"line":123,"column":77},"end":{"line":126,"column":10}},"skip":true},"9":{"name":"(anonymous_9)","line":139,"loc":{"start":{"line":139,"column":12},"end":{"line":139,"column":40}},"skip":true},"10":{"name":"(anonymous_10)","line":147,"loc":{"start":{"line":147,"column":77},"end":{"line":150,"column":10}},"skip":true},"11":{"name":"(anonymous_11)","line":158,"loc":{"start":{"line":158,"column":83},"end":{"line":161,"column":10}},"skip":true},"12":{"name":"(anonymous_12)","line":169,"loc":{"start":{"line":169,"column":79},"end":{"line":172,"column":10}},"skip":true},"13":{"name":"(anonymous_13)","line":180,"loc":{"start":{"line":180,"column":75},"end":{"line":183,"column":10}},"skip":true}},"statementMap":{"1":{"start":{"line":12,"column":0},"end":{"line":195,"column":5}},"2":{"start":{"line":14,"column":4},"end":{"line":14,"column":14}},"3":{"start":{"line":19,"column":4},"end":{"line":56,"column":9}},"4":{"start":{"line":21,"column":8},"end":{"line":21,"column":19}},"5":{"start":{"line":23,"column":8},"end":{"line":35,"column":13}},"6":{"start":{"line":24,"column":12},"end":{"line":34,"column":13}},"7":{"start":{"line":25,"column":16},"end":{"line":28,"column":30}},"8":{"start":{"line":30,"column":16},"end":{"line":33,"column":27}},"9":{"start":{"line":37,"column":8},"end":{"line":39,"column":21}},"10":{"start":{"line":40,"column":8},"end":{"line":53,"column":9}},"11":{"start":{"line":43,"column":12},"end":{"line":46,"column":14}},"12":{"start":{"line":47,"column":12},"end":{"line":47,"column":18}},"13":{"start":{"line":50,"column":12},"end":{"line":51,"column":33}},"14":{"start":{"line":52,"column":12},"end":{"line":52,"column":18}},"15":{"start":{"line":55,"column":8},"end":{"line":55,"column":35}},"16":{"start":{"line":61,"column":4},"end":{"line":63,"column":9}},"17":{"start":{"line":62,"column":8},"end":{"line":62,"column":15}},"18":{"start":{"line":64,"column":4},"end":{"line":77,"column":5}},"19":{"start":{"line":70,"column":8},"end":{"line":70,"column":14}},"20":{"start":{"line":76,"column":8},"end":{"line":76,"column":14}},"21":{"start":{"line":82,"column":4},"end":{"line":84,"column":9}},"22":{"start":{"line":83,"column":8},"end":{"line":83,"column":15}},"23":{"start":{"line":85,"column":4},"end":{"line":194,"column":5}},"24":{"start":{"line":91,"column":8},"end":{"line":99,"column":10}},"25":{"start":{"line":98,"column":12},"end":{"line":98,"column":35}},"26":{"start":{"line":102,"column":8},"end":{"line":104,"column":63}},"27":{"start":{"line":105,"column":8},"end":{"line":105,"column":14}},"28":{"start":{"line":112,"column":8},"end":{"line":121,"column":10},"skip":true},"29":{"start":{"line":119,"column":12},"end":{"line":119,"column":55},"skip":true},"30":{"start":{"line":120,"column":12},"end":{"line":120,"column":48},"skip":true},"31":{"start":{"line":123,"column":8},"end":{"line":136,"column":10},"skip":true},"32":{"start":{"line":130,"column":12},"end":{"line":130,"column":76},"skip":true},"33":{"start":{"line":131,"column":12},"end":{"line":131,"column":73},"skip":true},"34":{"start":{"line":132,"column":12},"end":{"line":132,"column":74},"skip":true},"35":{"start":{"line":133,"column":12},"end":{"line":133,"column":79},"skip":true},"36":{"start":{"line":134,"column":12},"end":{"line":134,"column":25},"skip":true},"37":{"start":{"line":135,"column":12},"end":{"line":135,"column":45},"skip":true},"38":{"start":{"line":138,"column":8},"end":{"line":145,"column":14},"skip":true},"39":{"start":{"line":143,"column":16},"end":{"line":143,"column":29},"skip":true},"40":{"start":{"line":144,"column":16},"end":{"line":144,"column":55},"skip":true},"41":{"start":{"line":147,"column":8},"end":{"line":156,"column":10},"skip":true},"42":{"start":{"line":154,"column":12},"end":{"line":154,"column":25},"skip":true},"43":{"start":{"line":155,"column":12},"end":{"line":155,"column":45},"skip":true},"44":{"start":{"line":158,"column":8},"end":{"line":167,"column":10},"skip":true},"45":{"start":{"line":165,"column":12},"end":{"line":165,"column":25},"skip":true},"46":{"start":{"line":166,"column":12},"end":{"line":166,"column":48},"skip":true},"47":{"start":{"line":169,"column":8},"end":{"line":178,"column":10},"skip":true},"48":{"start":{"line":176,"column":12},"end":{"line":176,"column":25},"skip":true},"49":{"start":{"line":177,"column":12},"end":{"line":177,"column":46},"skip":true},"50":{"start":{"line":180,"column":8},"end":{"line":189,"column":10},"skip":true},"51":{"start":{"line":187,"column":12},"end":{"line":187,"column":94},"skip":true},"52":{"start":{"line":188,"column":12},"end":{"line":188,"column":48},"skip":true},"53":{"start":{"line":192,"column":8},"end":{"line":192,"column":35},"skip":true},"54":{"start":{"line":193,"column":8},"end":{"line":193,"column":14},"skip":true}},"branchMap":{"1":{"line":25,"type":"binary-expr","locations":[{"start":{"line":25,"column":23},"end":{"line":25,"column":62}},{"start":{"line":26,"column":20},"end":{"line":26,"column":70}},{"start":{"line":27,"column":20},"end":{"line":27,"column":71}},{"start":{"line":28,"column":20},"end":{"line":28,"column":29}}]},"2":{"line":30,"type":"binary-expr","locations":[{"start":{"line":30,"column":23},"end":{"line":30,"column":37}},{"start":{"line":31,"column":20},"end":{"line":31,"column":61}},{"start":{"line":32,"column":20},"end":{"line":32,"column":70}},{"start":{"line":33,"column":20},"end":{"line":33,"column":26}}]},"3":{"line":37,"type":"cond-expr","locations":[{"start":{"line":38,"column":14},"end":{"line":38,"column":20}},{"start":{"line":39,"column":14},"end":{"line":39,"column":20}}]},"4":{"line":40,"type":"switch","locations":[{"start":{"line":42,"column":8},"end":{"line":47,"column":18}},{"start":{"line":49,"column":8},"end":{"line":52,"column":18}}]},"5":{"line":44,"type":"binary-expr","locations":[{"start":{"line":44,"column":16},"end":{"line":44,"column":44}},{"start":{"line":44,"column":48},"end":{"line":44,"column":66}}]},"6":{"line":50,"type":"binary-expr","locations":[{"start":{"line":50,"column":21},"end":{"line":50,"column":49}},{"start":{"line":50,"column":53},"end":{"line":50,"column":72}}]},"7":{"line":64,"type":"switch","locations":[{"start":{"line":69,"column":4},"end":{"line":70,"column":14}},{"start":{"line":75,"column":4},"end":{"line":76,"column":14}}]},"8":{"line":85,"type":"switch","locations":[{"start":{"line":90,"column":4},"end":{"line":105,"column":14}},{"start":{"line":111,"column":4},"end":{"line":193,"column":14},"skip":true}]},"9":{"line":91,"type":"binary-expr","locations":[{"start":{"line":91,"column":42},"end":{"line":91,"column":73}},{"start":{"line":91,"column":77},"end":{"line":99,"column":9}}]},"10":{"line":102,"type":"binary-expr","locations":[{"start":{"line":102,"column":18},"end":{"line":102,"column":32}},{"start":{"line":103,"column":12},"end":{"line":103,"column":53}},{"start":{"line":104,"column":12},"end":{"line":104,"column":61}}]},"11":{"line":112,"type":"binary-expr","locations":[{"start":{"line":112,"column":45},"end":{"line":112,"column":79},"skip":true},{"start":{"line":112,"column":83},"end":{"line":121,"column":9},"skip":true}]},"12":{"line":123,"type":"binary-expr","locations":[{"start":{"line":123,"column":42},"end":{"line":123,"column":73},"skip":true},{"start":{"line":123,"column":77},"end":{"line":136,"column":9},"skip":true}]},"13":{"line":138,"type":"binary-expr","locations":[{"start":{"line":138,"column":48},"end":{"line":138,"column":85},"skip":true},{"start":{"line":139,"column":12},"end":{"line":145,"column":13},"skip":true}]},"14":{"line":147,"type":"binary-expr","locations":[{"start":{"line":147,"column":42},"end":{"line":147,"column":73},"skip":true},{"start":{"line":147,"column":77},"end":{"line":156,"column":9},"skip":true}]},"15":{"line":158,"type":"binary-expr","locations":[{"start":{"line":158,"column":45},"end":{"line":158,"column":79},"skip":true},{"start":{"line":158,"column":83},"end":{"line":167,"column":9},"skip":true}]},"16":{"line":169,"type":"binary-expr","locations":[{"start":{"line":169,"column":43},"end":{"line":169,"column":75},"skip":true},{"start":{"line":169,"column":79},"end":{"line":178,"column":9},"skip":true}]},"17":{"line":180,"type":"binary-expr","locations":[{"start":{"line":180,"column":41},"end":{"line":180,"column":71},"skip":true},{"start":{"line":180,"column":75},"end":{"line":189,"column":9},"skip":true}]}},"code":["/* istanbul instrument in package npmtest_bpmn_js */","/*jslint","    bitwise: true,","    browser: true,","    maxerr: 8,","    maxlen: 96,","    node: true,","    nomen: true,","    regexp: true,","    stupid: true","*/","(function () {","    'use strict';","    var local;","","","","    // run shared js-env code - pre-init","    (function () {","        // init local","        local = {};","        // init modeJs","        local.modeJs = (function () {","            try {","                return typeof navigator.userAgent === 'string' &&","                    typeof document.querySelector('body') === 'object' &&","                    typeof XMLHttpRequest.prototype.open === 'function' &&","                    'browser';","            } catch (errorCaughtBrowser) {","                return module.exports &&","                    typeof process.versions.node === 'string' &&","                    typeof require('http').createServer === 'function' &&","                    'node';","            }","        }());","        // init global","        local.global = local.modeJs === 'browser'","            ? window","            : global;","        switch (local.modeJs) {","        // re-init local from window.local","        case 'browser':","            local = local.global.utility2.objectSetDefault(","                local.global.utility2_rollup || local.global.local,","                local.global.utility2","            );","            break;","        // re-init local from example.js","        case 'node':","            local = (local.global.utility2_rollup || require('utility2'))","                .requireReadme();","            break;","        }","        // export local","        local.global.local = local;","    }());","","","","    // run shared js-env code - function","    (function () {","        return;","    }());","    switch (local.modeJs) {","","","","    // run browser js-env code - function","    case 'browser':","        break;","","","","    // run node js-env code - function","    case 'node':","        break;","    }","","","","    // run shared js-env code - post-init","    (function () {","        return;","    }());","    switch (local.modeJs) {","","","","    // run browser js-env code - post-init","    case 'browser':","        local.testCase_browser_nullCase = local.testCase_browser_nullCase || function (","            options,","            onError","        ) {","        /*","         * this function will test browsers's null-case handling-behavior-behavior","         */","            onError(null, options);","        };","","        // run tests","        local.nop(local.modeTest &&","            document.querySelector('#testRunButton1') &&","            document.querySelector('#testRunButton1').click());","        break;","","","","    // run node js-env code - post-init","    /* istanbul ignore next */","    case 'node':","        local.testCase_buildApidoc_default = local.testCase_buildApidoc_default || function (","            options,","            onError","        ) {","        /*","         * this function will test buildApidoc's default handling-behavior-behavior","         */","            options = { modulePathList: module.paths };","            local.buildApidoc(options, onError);","        };","","        local.testCase_buildApp_default = local.testCase_buildApp_default || function (","            options,","            onError","        ) {","        /*","         * this function will test buildApp's default handling-behavior-behavior","         */","            local.testCase_buildReadme_default(options, local.onErrorThrow);","            local.testCase_buildLib_default(options, local.onErrorThrow);","            local.testCase_buildTest_default(options, local.onErrorThrow);","            local.testCase_buildCustomOrg_default(options, local.onErrorThrow);","            options = [];","            local.buildApp(options, onError);","        };","","        local.testCase_buildCustomOrg_default = local.testCase_buildCustomOrg_default ||","            function (options, onError) {","            /*","             * this function will test buildCustomOrg's default handling-behavior","             */","                options = {};","                local.buildCustomOrg(options, onError);","            };","","        local.testCase_buildLib_default = local.testCase_buildLib_default || function (","            options,","            onError","        ) {","        /*","         * this function will test buildLib's default handling-behavior","         */","            options = {};","            local.buildLib(options, onError);","        };","","        local.testCase_buildReadme_default = local.testCase_buildReadme_default || function (","            options,","            onError","        ) {","        /*","         * this function will test buildReadme's default handling-behavior-behavior","         */","            options = {};","            local.buildReadme(options, onError);","        };","","        local.testCase_buildTest_default = local.testCase_buildTest_default || function (","            options,","            onError","        ) {","        /*","         * this function will test buildTest's default handling-behavior","         */","            options = {};","            local.buildTest(options, onError);","        };","","        local.testCase_webpage_default = local.testCase_webpage_default || function (","            options,","            onError","        ) {","        /*","         * this function will test webpage's default handling-behavior","         */","            options = { modeCoverageMerge: true, url: local.serverLocalHost + '?modeTest=1' };","            local.browserTest(options, onError);","        };","","        // run test-server","        local.testRunServer(local);","        break;","    }","}());",""],"l":{"12":2,"14":2,"19":2,"21":2,"23":2,"24":2,"25":2,"30":1,"37":2,"40":2,"43":1,"47":1,"50":1,"52":1,"55":2,"61":2,"62":2,"64":2,"70":1,"76":1,"82":2,"83":2,"85":2,"91":1,"98":1,"102":1,"105":1,"112":1,"119":1,"120":1,"123":1,"130":1,"131":1,"132":1,"133":1,"134":1,"135":1,"138":1,"143":2,"144":2,"147":1,"154":2,"155":2,"158":1,"165":2,"166":2,"169":1,"176":2,"177":2,"180":1,"187":1,"188":1,"192":1,"193":1}},"/home/travis/build/npmtest/node-npmtest-bpmn-js/lib.npmtest_bpmn_js.js":{"path":"/home/travis/build/npmtest/node-npmtest-bpmn-js/lib.npmtest_bpmn_js.js","s":{"1":2,"2":2,"3":2,"4":2,"5":2,"6":2,"7":2,"8":1,"9":2,"10":2,"11":2,"12":2,"13":1,"14":1,"15":1,"16":1},"b":{"1":[2,1,1,1],"2":[1,1,1,1],"3":[1,1],"4":[2,2],"5":[1,1]},"f":{"1":2,"2":2,"3":2},"fnMap":{"1":{"name":"(anonymous_1)","line":12,"loc":{"start":{"line":12,"column":1},"end":{"line":12,"column":13}}},"2":{"name":"(anonymous_2)","line":19,"loc":{"start":{"line":19,"column":5},"end":{"line":19,"column":17}}},"3":{"name":"(anonymous_3)","line":23,"loc":{"start":{"line":23,"column":24},"end":{"line":23,"column":36}}}},"statementMap":{"1":{"start":{"line":12,"column":0},"end":{"line":53,"column":5}},"2":{"start":{"line":14,"column":4},"end":{"line":14,"column":14}},"3":{"start":{"line":19,"column":4},"end":{"line":52,"column":9}},"4":{"start":{"line":21,"column":8},"end":{"line":21,"column":19}},"5":{"start":{"line":23,"column":8},"end":{"line":35,"column":13}},"6":{"start":{"line":24,"column":12},"end":{"line":34,"column":13}},"7":{"start":{"line":25,"column":16},"end":{"line":28,"column":30}},"8":{"start":{"line":30,"column":16},"end":{"line":33,"column":27}},"9":{"start":{"line":37,"column":8},"end":{"line":39,"column":21}},"10":{"start":{"line":41,"column":8},"end":{"line":41,"column":54}},"11":{"start":{"line":43,"column":8},"end":{"line":43,"column":52}},"12":{"start":{"line":45,"column":8},"end":{"line":51,"column":9}},"13":{"start":{"line":46,"column":12},"end":{"line":46,"column":58}},"14":{"start":{"line":48,"column":12},"end":{"line":48,"column":35}},"15":{"start":{"line":49,"column":12},"end":{"line":49,"column":49}},"16":{"start":{"line":50,"column":12},"end":{"line":50,"column":43}}},"branchMap":{"1":{"line":25,"type":"binary-expr","locations":[{"start":{"line":25,"column":23},"end":{"line":25,"column":62}},{"start":{"line":26,"column":20},"end":{"line":26,"column":70}},{"start":{"line":27,"column":20},"end":{"line":27,"column":71}},{"start":{"line":28,"column":20},"end":{"line":28,"column":29}}]},"2":{"line":30,"type":"binary-expr","locations":[{"start":{"line":30,"column":23},"end":{"line":30,"column":37}},{"start":{"line":31,"column":20},"end":{"line":31,"column":61}},{"start":{"line":32,"column":20},"end":{"line":32,"column":70}},{"start":{"line":33,"column":20},"end":{"line":33,"column":26}}]},"3":{"line":37,"type":"cond-expr","locations":[{"start":{"line":38,"column":14},"end":{"line":38,"column":20}},{"start":{"line":39,"column":14},"end":{"line":39,"column":20}}]},"4":{"line":41,"type":"binary-expr","locations":[{"start":{"line":41,"column":16},"end":{"line":41,"column":44}},{"start":{"line":41,"column":48},"end":{"line":41,"column":53}}]},"5":{"line":45,"type":"if","locations":[{"start":{"line":45,"column":8},"end":{"line":45,"column":8}},{"start":{"line":45,"column":8},"end":{"line":45,"column":8}}]}},"code":["/* istanbul instrument in package npmtest_bpmn_js */","/*jslint","    bitwise: true,","    browser: true,","    maxerr: 8,","    maxlen: 96,","    node: true,","    nomen: true,","    regexp: true,","    stupid: true","*/","(function () {","    'use strict';","    var local;","","","","    // run shared js-env code - pre-init","    (function () {","        // init local","        local = {};","        // init modeJs","        local.modeJs = (function () {","            try {","                return typeof navigator.userAgent === 'string' &&","                    typeof document.querySelector('body') === 'object' &&","                    typeof XMLHttpRequest.prototype.open === 'function' &&","                    'browser';","            } catch (errorCaughtBrowser) {","                return module.exports &&","                    typeof process.versions.node === 'string' &&","                    typeof require('http').createServer === 'function' &&","                    'node';","            }","        }());","        // init global","        local.global = local.modeJs === 'browser'","            ? window","            : global;","        // init utility2_rollup","        local = local.global.utility2_rollup || local;","        // init lib","        local.local = local.npmtest_bpmn_js = local;","        // init exports","        if (local.modeJs === 'browser') {","            local.global.utility2_npmtest_bpmn_js = local;","        } else {","            module.exports = local;","            module.exports.__dirname = __dirname;","            module.exports.module = module;","        }","    }());","}());",""],"l":{"12":2,"14":2,"19":2,"21":2,"23":2,"24":2,"25":2,"30":1,"37":2,"41":2,"43":2,"45":2,"46":1,"48":1,"49":1,"50":1}},"/home/travis/build/npmtest/node-npmtest-bpmn-js/example.js":{"path":"/home/travis/build/npmtest/node-npmtest-bpmn-js/example.js","s":{"1":2,"2":2,"3":2,"4":2,"5":2,"6":2,"7":2,"8":1,"9":2,"10":2,"11":2,"12":2,"13":1,"14":2,"15":2,"16":2,"17":2,"18":2,"19":0,"20":2,"21":1,"22":1,"23":1,"24":1,"25":1,"26":0,"27":0,"28":1,"29":1,"30":2,"31":0,"32":0,"33":0,"34":1,"35":2,"36":2,"37":3,"38":3,"39":3,"40":3,"41":0,"42":3,"43":3,"44":3,"45":1,"46":3,"47":1,"48":1,"49":1,"50":1,"51":1,"52":1,"53":1,"54":1,"55":1,"56":1,"57":0,"58":1,"59":6,"60":6,"61":1,"62":2,"63":0,"64":2,"65":1,"66":1,"67":0,"68":0,"69":0,"70":0,"71":0,"72":0,"73":0,"74":0,"75":0,"76":0,"77":0,"78":0,"79":0,"80":0,"81":0,"82":0,"83":0},"b":{"1":[2,1,1,1],"2":[1,1,1,1],"3":[1,1],"4":[2,2],"5":[1,1],"6":[1,1],"7":[2,0],"8":[2,1,1,1,1,1],"9":[0,2,0],"10":[1,1],"11":[2,1,1],"12":[1,0],"13":[0,2],"14":[2,0,0,0,0,0,0],"15":[0,3],"16":[3,0],"17":[1,1],"18":[0,1],"19":[1,2,0,2],"20":[1,0],"21":[1,1],"22":[0,0],"23":[0,0],"24":[0,0],"25":[0,0],"26":[0,0],"27":[0,0],"28":[0,0]},"f":{"1":2,"2":2,"3":2,"4":2,"5":2,"6":2,"7":3,"8":3,"9":3,"10":1,"11":6,"12":0},"fnMap":{"1":{"name":"(anonymous_1)","line":26,"loc":{"start":{"line":26,"column":1},"end":{"line":26,"column":13}}},"2":{"name":"(anonymous_2)","line":33,"loc":{"start":{"line":33,"column":5},"end":{"line":33,"column":17}}},"3":{"name":"(anonymous_3)","line":37,"loc":{"start":{"line":37,"column":24},"end":{"line":37,"column":36}}},"4":{"name":"(anonymous_4)","line":69,"loc":{"start":{"line":69,"column":31},"end":{"line":69,"column":48}},"skip":true},"5":{"name":"(anonymous_5)","line":78,"loc":{"start":{"line":78,"column":26},"end":{"line":78,"column":45}},"skip":true},"6":{"name":"(anonymous_6)","line":123,"loc":{"start":{"line":123,"column":33},"end":{"line":123,"column":48}},"skip":true},"7":{"name":"(anonymous_7)","line":125,"loc":{"start":{"line":125,"column":27},"end":{"line":125,"column":39}},"skip":true},"8":{"name":"(anonymous_8)","line":133,"loc":{"start":{"line":133,"column":59},"end":{"line":133,"column":74}},"skip":true},"9":{"name":"(anonymous_9)","line":143,"loc":{"start":{"line":143,"column":45},"end":{"line":143,"column":62}},"skip":true},"10":{"name":"(anonymous_10)","line":144,"loc":{"start":{"line":144,"column":73},"end":{"line":144,"column":92}},"skip":true},"11":{"name":"(anonymous_11)","line":272,"loc":{"start":{"line":272,"column":51},"end":{"line":272,"column":77}},"skip":true},"12":{"name":"(anonymous_12)","line":315,"loc":{"start":{"line":315,"column":32},"end":{"line":315,"column":61}},"skip":true}},"statementMap":{"1":{"start":{"line":26,"column":0},"end":{"line":326,"column":5}},"2":{"start":{"line":28,"column":4},"end":{"line":28,"column":14}},"3":{"start":{"line":33,"column":4},"end":{"line":60,"column":9}},"4":{"start":{"line":35,"column":8},"end":{"line":35,"column":19}},"5":{"start":{"line":37,"column":8},"end":{"line":49,"column":13}},"6":{"start":{"line":38,"column":12},"end":{"line":48,"column":13}},"7":{"start":{"line":39,"column":16},"end":{"line":42,"column":30}},"8":{"start":{"line":44,"column":16},"end":{"line":47,"column":27}},"9":{"start":{"line":51,"column":8},"end":{"line":53,"column":21}},"10":{"start":{"line":55,"column":8},"end":{"line":57,"column":45}},"11":{"start":{"line":59,"column":8},"end":{"line":59,"column":35}},"12":{"start":{"line":61,"column":4},"end":{"line":325,"column":5}},"13":{"start":{"line":69,"column":8},"end":{"line":121,"column":10},"skip":true},"14":{"start":{"line":70,"column":12},"end":{"line":88,"column":13},"skip":true},"15":{"start":{"line":76,"column":16},"end":{"line":87,"column":19},"skip":true},"16":{"start":{"line":79,"column":20},"end":{"line":86,"column":21},"skip":true},"17":{"start":{"line":82,"column":24},"end":{"line":82,"column":43},"skip":true},"18":{"start":{"line":83,"column":24},"end":{"line":83,"column":30},"skip":true},"19":{"start":{"line":85,"column":24},"end":{"line":85,"column":49},"skip":true},"20":{"start":{"line":89,"column":12},"end":{"line":107,"column":13},"skip":true},"21":{"start":{"line":92,"column":16},"end":{"line":102,"column":17},"skip":true},"22":{"start":{"line":93,"column":20},"end":{"line":93,"column":86},"skip":true},"23":{"start":{"line":94,"column":20},"end":{"line":95,"column":45},"skip":true},"24":{"start":{"line":96,"column":20},"end":{"line":96,"column":42},"skip":true},"25":{"start":{"line":97,"column":20},"end":{"line":97,"column":48},"skip":true},"26":{"start":{"line":100,"column":20},"end":{"line":100,"column":85},"skip":true},"27":{"start":{"line":101,"column":20},"end":{"line":101,"column":96},"skip":true},"28":{"start":{"line":103,"column":16},"end":{"line":103,"column":22},"skip":true},"29":{"start":{"line":106,"column":16},"end":{"line":106,"column":22},"skip":true},"30":{"start":{"line":108,"column":12},"end":{"line":120,"column":13},"skip":true},"31":{"start":{"line":114,"column":16},"end":{"line":119,"column":17},"skip":true},"32":{"start":{"line":116,"column":20},"end":{"line":116,"column":78},"skip":true},"33":{"start":{"line":118,"column":20},"end":{"line":118,"column":47},"skip":true},"34":{"start":{"line":123,"column":8},"end":{"line":141,"column":11},"skip":true},"35":{"start":{"line":124,"column":12},"end":{"line":124,"column":54},"skip":true},"36":{"start":{"line":125,"column":12},"end":{"line":140,"column":14},"skip":true},"37":{"start":{"line":126,"column":16},"end":{"line":126,"column":28},"skip":true},"38":{"start":{"line":127,"column":16},"end":{"line":127,"column":69},"skip":true},"39":{"start":{"line":128,"column":16},"end":{"line":128,"column":75},"skip":true},"40":{"start":{"line":129,"column":16},"end":{"line":131,"column":17},"skip":true},"41":{"start":{"line":130,"column":20},"end":{"line":130,"column":27},"skip":true},"42":{"start":{"line":133,"column":16},"end":{"line":137,"column":36},"skip":true},"43":{"start":{"line":134,"column":20},"end":{"line":136,"column":55},"skip":true},"44":{"start":{"line":139,"column":16},"end":{"line":139,"column":57},"skip":true},"45":{"start":{"line":143,"column":8},"end":{"line":147,"column":11},"skip":true},"46":{"start":{"line":144,"column":12},"end":{"line":146,"column":15},"skip":true},"47":{"start":{"line":145,"column":16},"end":{"line":145,"column":70},"skip":true},"48":{"start":{"line":149,"column":8},"end":{"line":149,"column":31},"skip":true},"49":{"start":{"line":150,"column":8},"end":{"line":150,"column":14},"skip":true},"50":{"start":{"line":158,"column":8},"end":{"line":158,"column":31},"skip":true},"51":{"start":{"line":160,"column":8},"end":{"line":160,"column":33},"skip":true},"52":{"start":{"line":161,"column":8},"end":{"line":161,"column":37},"skip":true},"53":{"start":{"line":162,"column":8},"end":{"line":162,"column":35},"skip":true},"54":{"start":{"line":164,"column":8},"end":{"line":164,"column":50},"skip":true},"55":{"start":{"line":166,"column":8},"end":{"line":256,"column":2},"skip":true},"56":{"start":{"line":258,"column":8},"end":{"line":286,"column":9},"skip":true},"57":{"start":{"line":259,"column":12},"end":{"line":269,"column":14},"skip":true},"58":{"start":{"line":271,"column":12},"end":{"line":285,"column":19},"skip":true},"59":{"start":{"line":274,"column":20},"end":{"line":274,"column":35},"skip":true},"60":{"start":{"line":275,"column":20},"end":{"line":284,"column":21},"skip":true},"61":{"start":{"line":277,"column":24},"end":{"line":277,"column":64},"skip":true},"62":{"start":{"line":279,"column":24},"end":{"line":279,"column":40},"skip":true},"63":{"start":{"line":281,"column":24},"end":{"line":281,"column":40},"skip":true},"64":{"start":{"line":283,"column":24},"end":{"line":283,"column":39},"skip":true},"65":{"start":{"line":288,"column":8},"end":{"line":290,"column":9},"skip":true},"66":{"start":{"line":289,"column":12},"end":{"line":289,"column":18},"skip":true},"67":{"start":{"line":291,"column":8},"end":{"line":293,"column":54},"skip":true},"68":{"start":{"line":296,"column":8},"end":{"line":301,"column":37},"skip":true},"69":{"start":{"line":303,"column":8},"end":{"line":303,"column":82},"skip":true},"70":{"start":{"line":306,"column":8},"end":{"line":308,"column":9},"skip":true},"71":{"start":{"line":307,"column":12},"end":{"line":307,"column":82},"skip":true},"72":{"start":{"line":310,"column":8},"end":{"line":312,"column":9},"skip":true},"73":{"start":{"line":311,"column":12},"end":{"line":311,"column":18},"skip":true},"74":{"start":{"line":313,"column":8},"end":{"line":313,"column":54},"skip":true},"75":{"start":{"line":314,"column":8},"end":{"line":314,"column":69},"skip":true},"76":{"start":{"line":315,"column":8},"end":{"line":323,"column":36},"skip":true},"77":{"start":{"line":316,"column":12},"end":{"line":316,"column":61},"skip":true},"78":{"start":{"line":317,"column":12},"end":{"line":320,"column":13},"skip":true},"79":{"start":{"line":318,"column":16},"end":{"line":318,"column":75},"skip":true},"80":{"start":{"line":319,"column":16},"end":{"line":319,"column":23},"skip":true},"81":{"start":{"line":321,"column":12},"end":{"line":321,"column":38},"skip":true},"82":{"start":{"line":322,"column":12},"end":{"line":322,"column":27},"skip":true},"83":{"start":{"line":324,"column":8},"end":{"line":324,"column":14},"skip":true}},"branchMap":{"1":{"line":39,"type":"binary-expr","locations":[{"start":{"line":39,"column":23},"end":{"line":39,"column":62}},{"start":{"line":40,"column":20},"end":{"line":40,"column":70}},{"start":{"line":41,"column":20},"end":{"line":41,"column":71}},{"start":{"line":42,"column":20},"end":{"line":42,"column":29}}]},"2":{"line":44,"type":"binary-expr","locations":[{"start":{"line":44,"column":23},"end":{"line":44,"column":37}},{"start":{"line":45,"column":20},"end":{"line":45,"column":61}},{"start":{"line":46,"column":20},"end":{"line":46,"column":70}},{"start":{"line":47,"column":20},"end":{"line":47,"column":26}}]},"3":{"line":51,"type":"cond-expr","locations":[{"start":{"line":52,"column":14},"end":{"line":52,"column":20}},{"start":{"line":53,"column":14},"end":{"line":53,"column":20}}]},"4":{"line":55,"type":"binary-expr","locations":[{"start":{"line":55,"column":16},"end":{"line":55,"column":44}},{"start":{"line":55,"column":49},"end":{"line":57,"column":43}}]},"5":{"line":55,"type":"cond-expr","locations":[{"start":{"line":56,"column":14},"end":{"line":56,"column":51}},{"start":{"line":57,"column":14},"end":{"line":57,"column":43}}]},"6":{"line":61,"type":"switch","locations":[{"start":{"line":68,"column":4},"end":{"line":150,"column":14},"skip":true},{"start":{"line":156,"column":4},"end":{"line":324,"column":14},"skip":true}]},"7":{"line":70,"type":"if","locations":[{"start":{"line":70,"column":12},"end":{"line":70,"column":12},"skip":true},{"start":{"line":70,"column":12},"end":{"line":70,"column":12},"skip":true}]},"8":{"line":70,"type":"binary-expr","locations":[{"start":{"line":70,"column":16},"end":{"line":70,"column":22},"skip":true},{"start":{"line":70,"column":27},"end":{"line":70,"column":32},"skip":true},{"start":{"line":71,"column":20},"end":{"line":71,"column":39},"skip":true},{"start":{"line":72,"column":20},"end":{"line":72,"column":49},"skip":true},{"start":{"line":73,"column":20},"end":{"line":73,"column":58},"skip":true},{"start":{"line":74,"column":20},"end":{"line":74,"column":69},"skip":true}]},"9":{"line":79,"type":"switch","locations":[{"start":{"line":80,"column":20},"end":{"line":80,"column":33},"skip":true},{"start":{"line":81,"column":20},"end":{"line":83,"column":30},"skip":true},{"start":{"line":84,"column":20},"end":{"line":85,"column":49},"skip":true}]},"10":{"line":89,"type":"switch","locations":[{"start":{"line":90,"column":12},"end":{"line":103,"column":22},"skip":true},{"start":{"line":105,"column":12},"end":{"line":106,"column":22},"skip":true}]},"11":{"line":89,"type":"binary-expr","locations":[{"start":{"line":89,"column":20},"end":{"line":89,"column":25},"skip":true},{"start":{"line":89,"column":29},"end":{"line":89,"column":48},"skip":true},{"start":{"line":89,"column":52},"end":{"line":89,"column":74},"skip":true}]},"12":{"line":92,"type":"if","locations":[{"start":{"line":92,"column":16},"end":{"line":92,"column":16},"skip":true},{"start":{"line":92,"column":16},"end":{"line":92,"column":16},"skip":true}]},"13":{"line":108,"type":"if","locations":[{"start":{"line":108,"column":12},"end":{"line":108,"column":12},"skip":true},{"start":{"line":108,"column":12},"end":{"line":108,"column":12},"skip":true}]},"14":{"line":108,"type":"binary-expr","locations":[{"start":{"line":108,"column":16},"end":{"line":108,"column":61},"skip":true},{"start":{"line":108,"column":66},"end":{"line":108,"column":72},"skip":true},{"start":{"line":108,"column":77},"end":{"line":108,"column":82},"skip":true},{"start":{"line":109,"column":20},"end":{"line":109,"column":39},"skip":true},{"start":{"line":110,"column":20},"end":{"line":110,"column":49},"skip":true},{"start":{"line":111,"column":20},"end":{"line":111,"column":58},"skip":true},{"start":{"line":112,"column":20},"end":{"line":112,"column":68},"skip":true}]},"15":{"line":129,"type":"if","locations":[{"start":{"line":129,"column":16},"end":{"line":129,"column":16},"skip":true},{"start":{"line":129,"column":16},"end":{"line":129,"column":16},"skip":true}]},"16":{"line":134,"type":"cond-expr","locations":[{"start":{"line":135,"column":26},"end":{"line":135,"column":29},"skip":true},{"start":{"line":136,"column":26},"end":{"line":136,"column":54},"skip":true}]},"17":{"line":164,"type":"binary-expr","locations":[{"start":{"line":164,"column":27},"end":{"line":164,"column":43},"skip":true},{"start":{"line":164,"column":47},"end":{"line":164,"column":49},"skip":true}]},"18":{"line":258,"type":"if","locations":[{"start":{"line":258,"column":8},"end":{"line":258,"column":8},"skip":true},{"start":{"line":258,"column":8},"end":{"line":258,"column":8},"skip":true}]},"19":{"line":275,"type":"switch","locations":[{"start":{"line":276,"column":20},"end":{"line":277,"column":64},"skip":true},{"start":{"line":278,"column":20},"end":{"line":279,"column":40},"skip":true},{"start":{"line":280,"column":20},"end":{"line":281,"column":40},"skip":true},{"start":{"line":282,"column":20},"end":{"line":283,"column":39},"skip":true}]},"20":{"line":288,"type":"if","locations":[{"start":{"line":288,"column":8},"end":{"line":288,"column":8},"skip":true},{"start":{"line":288,"column":8},"end":{"line":288,"column":8},"skip":true}]},"21":{"line":288,"type":"binary-expr","locations":[{"start":{"line":288,"column":12},"end":{"line":288,"column":40},"skip":true},{"start":{"line":288,"column":44},"end":{"line":288,"column":67},"skip":true}]},"22":{"line":292,"type":"binary-expr","locations":[{"start":{"line":292,"column":12},"end":{"line":292,"column":50},"skip":true},{"start":{"line":293,"column":12},"end":{"line":293,"column":53},"skip":true}]},"23":{"line":297,"type":"binary-expr","locations":[{"start":{"line":297,"column":12},"end":{"line":297,"column":65},"skip":true},{"start":{"line":298,"column":12},"end":{"line":301,"column":36},"skip":true}]},"24":{"line":303,"type":"binary-expr","locations":[{"start":{"line":303,"column":43},"end":{"line":303,"column":75},"skip":true},{"start":{"line":303,"column":79},"end":{"line":303,"column":81},"skip":true}]},"25":{"line":306,"type":"if","locations":[{"start":{"line":306,"column":8},"end":{"line":306,"column":8},"skip":true},{"start":{"line":306,"column":8},"end":{"line":306,"column":8},"skip":true}]},"26":{"line":310,"type":"if","locations":[{"start":{"line":310,"column":8},"end":{"line":310,"column":8},"skip":true},{"start":{"line":310,"column":8},"end":{"line":310,"column":8},"skip":true}]},"27":{"line":313,"type":"binary-expr","locations":[{"start":{"line":313,"column":27},"end":{"line":313,"column":43},"skip":true},{"start":{"line":313,"column":47},"end":{"line":313,"column":53},"skip":true}]},"28":{"line":317,"type":"if","locations":[{"start":{"line":317,"column":12},"end":{"line":317,"column":12},"skip":true},{"start":{"line":317,"column":12},"end":{"line":317,"column":12},"skip":true}]}},"code":["/*","example.js","","quickstart example","","instruction","    1. save this script as example.js","    2. run the shell command:","        $ npm install npmtest-bpmn-js && PORT=8081 node example.js","    3. play with the browser-demo on http://127.0.0.1:8081","*/","","","","/* istanbul instrument in package npmtest_bpmn_js */","/*jslint","    bitwise: true,","    browser: true,","    maxerr: 8,","    maxlen: 96,","    node: true,","    nomen: true,","    regexp: true,","    stupid: true","*/","(function () {","    'use strict';","    var local;","","","","    // run shared js-env code - pre-init","    (function () {","        // init local","        local = {};","        // init modeJs","        local.modeJs = (function () {","            try {","                return typeof navigator.userAgent === 'string' &&","                    typeof document.querySelector('body') === 'object' &&","                    typeof XMLHttpRequest.prototype.open === 'function' &&","                    'browser';","            } catch (errorCaughtBrowser) {","                return module.exports &&","                    typeof process.versions.node === 'string' &&","                    typeof require('http').createServer === 'function' &&","                    'node';","            }","        }());","        // init global","        local.global = local.modeJs === 'browser'","            ? window","            : global;","        // init utility2_rollup","        local = local.global.utility2_rollup || (local.modeJs === 'browser'","            ? local.global.utility2_npmtest_bpmn_js","            : global.utility2_moduleExports);","        // export local","        local.global.local = local;","    }());","    switch (local.modeJs) {","","","","    // post-init","    // run browser js-env code - post-init","    /* istanbul ignore next */","    case 'browser':","        local.testRunBrowser = function (event) {","            if (!event || (event &&","                    event.currentTarget &&","                    event.currentTarget.className &&","                    event.currentTarget.className.includes &&","                    event.currentTarget.className.includes('onreset'))) {","                // reset output","                Array.from(","                    document.querySelectorAll('body > .resettable')","                ).forEach(function (element) {","                    switch (element.tagName) {","                    case 'INPUT':","                    case 'TEXTAREA':","                        element.value = '';","                        break;","                    default:","                        element.textContent = '';","                    }","                });","            }","            switch (event && event.currentTarget && event.currentTarget.id) {","            case 'testRunButton1':","                // show tests","                if (document.querySelector('#testReportDiv1').style.display === 'none') {","                    document.querySelector('#testReportDiv1').style.display = 'block';","                    document.querySelector('#testRunButton1').textContent =","                        'hide internal test';","                    local.modeTest = true;","                    local.testRunDefault(local);","                // hide tests","                } else {","                    document.querySelector('#testReportDiv1').style.display = 'none';","                    document.querySelector('#testRunButton1').textContent = 'run internal test';","                }","                break;","            // custom-case","            default:","                break;","            }","            if (document.querySelector('#inputTextareaEval1') && (!event || (event &&","                    event.currentTarget &&","                    event.currentTarget.className &&","                    event.currentTarget.className.includes &&","                    event.currentTarget.className.includes('oneval')))) {","                // try to eval input-code","                try {","                    /*jslint evil: true*/","                    eval(document.querySelector('#inputTextareaEval1').value);","                } catch (errorCaught) {","                    console.error(errorCaught);","                }","            }","        };","        // log stderr and stdout to #outputTextareaStdout1","        ['error', 'log'].forEach(function (key) {","            console[key + '_original'] = console[key];","            console[key] = function () {","                var element;","                console[key + '_original'].apply(console, arguments);","                element = document.querySelector('#outputTextareaStdout1');","                if (!element) {","                    return;","                }","                // append text to #outputTextareaStdout1","                element.value += Array.from(arguments).map(function (arg) {","                    return typeof arg === 'string'","                        ? arg","                        : JSON.stringify(arg, null, 4);","                }).join(' ') + '\\n';","                // scroll textarea to bottom","                element.scrollTop = element.scrollHeight;","            };","        });","        // init event-handling","        ['change', 'click', 'keyup'].forEach(function (event) {","            Array.from(document.querySelectorAll('.on' + event)).forEach(function (element) {","                element.addEventListener(event, local.testRunBrowser);","            });","        });","        // run tests","        local.testRunBrowser();","        break;","","","","    // run node js-env code - post-init","    /* istanbul ignore next */","    case 'node':","        // export local","        module.exports = local;","        // require modules","        local.fs = require('fs');","        local.http = require('http');","        local.url = require('url');","        // init assets","        local.assetsDict = local.assetsDict || {};","        /* jslint-ignore-begin */","        local.assetsDict['/assets.index.template.html'] = '\\","<!doctype html>\\n\\","<html lang=\"en\">\\n\\","<head>\\n\\","<meta charset=\"UTF-8\">\\n\\","<meta name=\"viewport\" content=\"width=device-width, initial-scale=1\">\\n\\","<title>{{env.npm_package_name}} (v{{env.npm_package_version}})</title>\\n\\","<style>\\n\\","/*csslint\\n\\","    box-sizing: false,\\n\\","    universal-selector: false\\n\\","*/\\n\\","* {\\n\\","    box-sizing: border-box;\\n\\","}\\n\\","body {\\n\\","    background: #dde;\\n\\","    font-family: Arial, Helvetica, sans-serif;\\n\\","    margin: 2rem;\\n\\","}\\n\\","body > * {\\n\\","    margin-bottom: 1rem;\\n\\","}\\n\\",".utility2FooterDiv {\\n\\","    margin-top: 20px;\\n\\","    text-align: center;\\n\\","}\\n\\","</style>\\n\\","<style>\\n\\","/*csslint\\n\\","*/\\n\\","textarea {\\n\\","    font-family: monospace;\\n\\","    height: 10rem;\\n\\","    width: 100%;\\n\\","}\\n\\","textarea[readonly] {\\n\\","    background: #ddd;\\n\\","}\\n\\","</style>\\n\\","</head>\\n\\","<body>\\n\\","<!-- utility2-comment\\n\\","<div id=\"ajaxProgressDiv1\" style=\"background: #d00; height: 2px; left: 0; margin: 0; padding: 0; position: fixed; top: 0; transition: background 0.5s, width 1.5s; width: 25%;\"></div>\\n\\","utility2-comment -->\\n\\","<h1>\\n\\","<!-- utility2-comment\\n\\","    <a\\n\\","        {{#if env.npm_package_homepage}}\\n\\","        href=\"{{env.npm_package_homepage}}\"\\n\\","        {{/if env.npm_package_homepage}}\\n\\","        target=\"_blank\"\\n\\","    >\\n\\","utility2-comment -->\\n\\","        {{env.npm_package_name}} (v{{env.npm_package_version}})\\n\\","<!-- utility2-comment\\n\\","    </a>\\n\\","utility2-comment -->\\n\\","</h1>\\n\\","<h3>{{env.npm_package_description}}</h3>\\n\\","<!-- utility2-comment\\n\\","<h4><a download href=\"assets.app.js\">download standalone app</a></h4>\\n\\","<button class=\"onclick onreset\" id=\"testRunButton1\">run internal test</button><br>\\n\\","<div id=\"testReportDiv1\" style=\"display: none;\"></div>\\n\\","utility2-comment -->\\n\\","\\n\\","\\n\\","\\n\\","<label>stderr and stdout</label>\\n\\","<textarea class=\"resettable\" id=\"outputTextareaStdout1\" readonly></textarea>\\n\\","<!-- utility2-comment\\n\\","{{#if isRollup}}\\n\\","<script src=\"assets.app.js\"></script>\\n\\","{{#unless isRollup}}\\n\\","utility2-comment -->\\n\\","<script src=\"assets.utility2.rollup.js\"></script>\\n\\","<script src=\"jsonp.utility2._stateInit?callback=window.utility2._stateInit\"></script>\\n\\","<script src=\"assets.npmtest_bpmn_js.rollup.js\"></script>\\n\\","<script src=\"assets.example.js\"></script>\\n\\","<script src=\"assets.test.js\"></script>\\n\\","<!-- utility2-comment\\n\\","{{/if isRollup}}\\n\\","utility2-comment -->\\n\\","<div class=\"utility2FooterDiv\">\\n\\","    [ this app was created with\\n\\","    <a href=\"https://github.com/kaizhu256/node-utility2\" target=\"_blank\">utility2</a>\\n\\","    ]\\n\\","</div>\\n\\","</body>\\n\\","</html>\\n\\","';","        /* jslint-ignore-end */","        if (local.templateRender) {","            local.assetsDict['/'] = local.templateRender(","                local.assetsDict['/assets.index.template.html'],","                {","                    env: local.objectSetDefault(local.env, {","                        npm_package_description: 'the greatest app in the world!',","                        npm_package_name: 'my-app',","                        npm_package_nameAlias: 'my_app',","                        npm_package_version: '0.0.1'","                    })","                }","            );","        } else {","            local.assetsDict['/'] = local.assetsDict['/assets.index.template.html']","                .replace((/\\{\\{env\\.(\\w+?)\\}\\}/g), function (match0, match1) {","                    // jslint-hack","                    String(match0);","                    switch (match1) {","                    case 'npm_package_description':","                        return 'the greatest app in the world!';","                    case 'npm_package_name':","                        return 'my-app';","                    case 'npm_package_nameAlias':","                        return 'my_app';","                    case 'npm_package_version':","                        return '0.0.1';","                    }","                });","        }","        // run the cli","        if (local.global.utility2_rollup || module !== require.main) {","            break;","        }","        local.assetsDict['/assets.example.js'] =","            local.assetsDict['/assets.example.js'] ||","            local.fs.readFileSync(__filename, 'utf8');","        // bug-workaround - long $npm_package_buildCustomOrg","        /* jslint-ignore-begin */","        local.assetsDict['/assets.npmtest_bpmn_js.rollup.js'] =","            local.assetsDict['/assets.npmtest_bpmn_js.rollup.js'] ||","            local.fs.readFileSync(","                local.npmtest_bpmn_js.__dirname + '/lib.npmtest_bpmn_js.js',","                'utf8'","            ).replace((/^#!/), '//');","        /* jslint-ignore-end */","        local.assetsDict['/favicon.ico'] = local.assetsDict['/favicon.ico'] || '';","        // if $npm_config_timeout_exit exists,","        // then exit this process after $npm_config_timeout_exit ms","        if (Number(process.env.npm_config_timeout_exit)) {","            setTimeout(process.exit, Number(process.env.npm_config_timeout_exit));","        }","        // start server","        if (local.global.utility2_serverHttp1) {","            break;","        }","        process.env.PORT = process.env.PORT || '8081';","        console.error('server starting on port ' + process.env.PORT);","        local.http.createServer(function (request, response) {","            request.urlParsed = local.url.parse(request.url);","            if (local.assetsDict[request.urlParsed.pathname] !== undefined) {","                response.end(local.assetsDict[request.urlParsed.pathname]);","                return;","            }","            response.statusCode = 404;","            response.end();","        }).listen(process.env.PORT);","        break;","    }","}());",""],"l":{"26":2,"28":2,"33":2,"35":2,"37":2,"38":2,"39":2,"44":1,"51":2,"55":2,"59":2,"61":2,"69":1,"70":2,"76":2,"79":2,"82":2,"83":2,"85":1,"89":2,"92":1,"93":1,"94":1,"96":1,"97":1,"100":1,"101":1,"103":1,"106":1,"108":2,"114":1,"116":1,"118":1,"123":1,"124":2,"125":2,"126":3,"127":3,"128":3,"129":3,"130":1,"133":3,"134":3,"139":3,"143":1,"144":3,"145":1,"149":1,"150":1,"158":1,"160":1,"161":1,"162":1,"164":1,"166":1,"258":1,"259":1,"271":1,"274":6,"275":6,"277":1,"279":2,"281":1,"283":2,"288":1,"289":1,"291":1,"296":1,"303":1,"306":1,"307":1,"310":1,"311":1,"313":1,"314":1,"315":1,"316":1,"317":1,"318":1,"319":1,"321":1,"322":1,"324":1}},"/home/travis/build/npmtest/node-npmtest-bpmn-js/node_modules/bpmn-js/index.js":{"path":"/home/travis/build/npmtest/node-npmtest-bpmn-js/node_modules/bpmn-js/index.js","s":{"1":4},"b":{},"f":{},"fnMap":{},"statementMap":{"1":{"start":{"line":1,"column":0},"end":{"line":1,"column":41}}},"branchMap":{},"code":["module.exports = require('./lib/Viewer');"],"l":{"1":4}},"/home/travis/build/npmtest/node-npmtest-bpmn-js/node_modules/bpmn-js/lib/Viewer.js":{"path":"/home/travis/build/npmtest/node-npmtest-bpmn-js/node_modules/bpmn-js/lib/Viewer.js","s":{"1":10,"2":10,"3":10,"4":10,"5":10,"6":10,"7":1,"8":0,"9":0,"10":0,"11":0,"12":0,"13":10,"14":1,"15":0,"16":1,"17":0,"18":0,"19":0,"20":0,"21":0,"22":10,"23":10,"24":10,"25":0,"26":0,"27":0,"28":0,"29":0,"30":0,"31":0,"32":0,"33":0,"34":0,"35":0,"36":0,"37":0,"38":0,"39":10,"40":0,"41":0,"42":0,"43":0,"44":0,"45":0,"46":0,"47":10,"48":0,"49":0,"50":0,"51":0,"52":0,"53":0,"54":0,"55":0,"56":0,"57":10,"58":0,"59":0,"60":0,"61":0,"62":0,"63":0,"64":10,"65":0,"66":10,"67":0,"68":0,"69":10,"70":0,"71":10,"72":0,"73":10,"74":0,"75":0,"76":0,"77":0,"78":0,"79":0,"80":0,"81":0,"82":0,"83":0,"84":10,"85":0,"86":0,"87":0,"88":0,"89":0,"90":10,"91":0,"92":0,"93":0,"94":0,"95":0,"96":0,"97":0,"98":10,"99":0,"100":10,"101":0,"102":0,"103":0,"104":10,"105":0,"106":0,"107":10,"108":0,"109":0,"110":1,"111":0,"112":0,"113":0,"114":0,"115":0,"116":0,"117":0},"b":{"1":[0,0],"2":[0,0],"3":[0,0],"4":[0,0],"5":[0,0],"6":[0,0],"7":[0,0],"8":[0,0],"9":[0,0],"10":[0,0],"11":[0,0,0],"12":[0,0],"13":[0,0],"14":[0,0],"15":[0,0],"16":[0,0],"17":[0,0],"18":[0,0],"19":[0,0],"20":[0,0],"21":[0,0]},"f":{"1":0,"2":0,"3":0,"4":0,"5":0,"6":0,"7":0,"8":0,"9":0,"10":0,"11":0,"12":0,"13":0,"14":0,"15":0,"16":0,"17":0,"18":0,"19":0,"20":0,"21":0,"22":0},"fnMap":{"1":{"name":"checkValidationError","line":28,"loc":{"start":{"line":28,"column":0},"end":{"line":28,"column":35}}},"2":{"name":"ensureUnit","line":55,"loc":{"start":{"line":55,"column":0},"end":{"line":55,"column":25}}},"3":{"name":"Viewer","line":106,"loc":{"start":{"line":106,"column":0},"end":{"line":106,"column":25}}},"4":{"name":"(anonymous_4)","line":149,"loc":{"start":{"line":149,"column":29},"end":{"line":149,"column":49}}},"5":{"name":"(anonymous_5)","line":152,"loc":{"start":{"line":152,"column":17},"end":{"line":152,"column":28}}},"6":{"name":"(anonymous_6)","line":160,"loc":{"start":{"line":160,"column":47},"end":{"line":160,"column":83}}},"7":{"name":"(anonymous_7)","line":180,"loc":{"start":{"line":180,"column":40},"end":{"line":180,"column":70}}},"8":{"name":"(anonymous_8)","line":200,"loc":{"start":{"line":200,"column":27},"end":{"line":200,"column":51}}},"9":{"name":"(anonymous_9)","line":223,"loc":{"start":{"line":223,"column":27},"end":{"line":223,"column":51}}},"10":{"name":"(anonymous_10)","line":293,"loc":{"start":{"line":293,"column":37},"end":{"line":293,"column":65}}},"11":{"name":"(anonymous_11)","line":316,"loc":{"start":{"line":316,"column":30},"end":{"line":316,"column":41}}},"12":{"name":"(anonymous_12)","line":324,"loc":{"start":{"line":324,"column":27},"end":{"line":324,"column":38}}},"13":{"name":"(anonymous_13)","line":343,"loc":{"start":{"line":343,"column":22},"end":{"line":343,"column":66}}},"14":{"name":"(anonymous_14)","line":353,"loc":{"start":{"line":353,"column":23},"end":{"line":353,"column":49}}},"15":{"name":"(anonymous_15)","line":357,"loc":{"start":{"line":357,"column":28},"end":{"line":357,"column":49}}},"16":{"name":"(anonymous_16)","line":383,"loc":{"start":{"line":383,"column":26},"end":{"line":383,"column":37}}},"17":{"name":"(anonymous_17)","line":397,"loc":{"start":{"line":397,"column":25},"end":{"line":397,"column":62}}},"18":{"name":"(anonymous_18)","line":432,"loc":{"start":{"line":432,"column":25},"end":{"line":432,"column":47}}},"19":{"name":"(anonymous_19)","line":436,"loc":{"start":{"line":436,"column":36},"end":{"line":436,"column":54}}},"20":{"name":"(anonymous_20)","line":449,"loc":{"start":{"line":449,"column":33},"end":{"line":449,"column":51}}},"21":{"name":"addProjectLogo","line":480,"loc":{"start":{"line":480,"column":0},"end":{"line":480,"column":35}}},"22":{"name":"(anonymous_22)","line":496,"loc":{"start":{"line":496,"column":38},"end":{"line":496,"column":54}}}},"statementMap":{"1":{"start":{"line":9,"column":0},"end":{"line":11,"column":47}},"2":{"start":{"line":13,"column":0},"end":{"line":15,"column":46}},"3":{"start":{"line":17,"column":0},"end":{"line":17,"column":48}},"4":{"start":{"line":19,"column":0},"end":{"line":20,"column":40}},"5":{"start":{"line":23,"column":0},"end":{"line":23,"column":35}},"6":{"start":{"line":25,"column":0},"end":{"line":25,"column":44}},"7":{"start":{"line":28,"column":0},"end":{"line":43,"column":1}},"8":{"start":{"line":33,"column":2},"end":{"line":33,"column":66}},"9":{"start":{"line":34,"column":2},"end":{"line":34,"column":40}},"10":{"start":{"line":36,"column":2},"end":{"line":40,"column":3}},"11":{"start":{"line":37,"column":4},"end":{"line":39,"column":70}},"12":{"start":{"line":42,"column":2},"end":{"line":42,"column":13}},"13":{"start":{"line":45,"column":0},"end":{"line":49,"column":2}},"14":{"start":{"line":55,"column":0},"end":{"line":57,"column":1}},"15":{"start":{"line":56,"column":2},"end":{"line":56,"column":43}},"16":{"start":{"line":106,"column":0},"end":{"line":121,"column":1}},"17":{"start":{"line":108,"column":2},"end":{"line":108,"column":49}},"18":{"start":{"line":110,"column":2},"end":{"line":110,"column":44}},"19":{"start":{"line":112,"column":2},"end":{"line":112,"column":50}},"20":{"start":{"line":116,"column":2},"end":{"line":116,"column":33}},"21":{"start":{"line":120,"column":2},"end":{"line":120,"column":51}},"22":{"start":{"line":123,"column":0},"end":{"line":123,"column":26}},"23":{"start":{"line":125,"column":0},"end":{"line":125,"column":24}},"24":{"start":{"line":149,"column":0},"end":{"line":188,"column":2}},"25":{"start":{"line":152,"column":2},"end":{"line":152,"column":31}},"26":{"start":{"line":154,"column":2},"end":{"line":154,"column":18}},"27":{"start":{"line":158,"column":2},"end":{"line":158,"column":62}},"28":{"start":{"line":160,"column":2},"end":{"line":187,"column":5}},"29":{"start":{"line":164,"column":4},"end":{"line":168,"column":22}},"30":{"start":{"line":170,"column":4},"end":{"line":176,"column":5}},"31":{"start":{"line":171,"column":6},"end":{"line":171,"column":38}},"32":{"start":{"line":173,"column":6},"end":{"line":173,"column":48}},"33":{"start":{"line":175,"column":6},"end":{"line":175,"column":23}},"34":{"start":{"line":178,"column":4},"end":{"line":178,"column":41}},"35":{"start":{"line":180,"column":4},"end":{"line":186,"column":7}},"36":{"start":{"line":181,"column":6},"end":{"line":181,"column":71}},"37":{"start":{"line":183,"column":6},"end":{"line":183,"column":71}},"38":{"start":{"line":185,"column":6},"end":{"line":185,"column":29}},"39":{"start":{"line":200,"column":0},"end":{"line":214,"column":2}},"40":{"start":{"line":202,"column":2},"end":{"line":205,"column":3}},"41":{"start":{"line":203,"column":4},"end":{"line":203,"column":19}},"42":{"start":{"line":204,"column":4},"end":{"line":204,"column":17}},"43":{"start":{"line":207,"column":2},"end":{"line":207,"column":37}},"44":{"start":{"line":209,"column":2},"end":{"line":211,"column":3}},"45":{"start":{"line":210,"column":4},"end":{"line":210,"column":52}},"46":{"start":{"line":213,"column":2},"end":{"line":213,"column":48}},"47":{"start":{"line":223,"column":0},"end":{"line":251,"column":2}},"48":{"start":{"line":225,"column":2},"end":{"line":228,"column":3}},"49":{"start":{"line":226,"column":4},"end":{"line":226,"column":19}},"50":{"start":{"line":227,"column":4},"end":{"line":227,"column":17}},"51":{"start":{"line":230,"column":2},"end":{"line":230,"column":34}},"52":{"start":{"line":232,"column":2},"end":{"line":233,"column":47}},"53":{"start":{"line":235,"column":2},"end":{"line":236,"column":52}},"54":{"start":{"line":238,"column":2},"end":{"line":238,"column":35}},"55":{"start":{"line":240,"column":2},"end":{"line":248,"column":13}},"56":{"start":{"line":250,"column":2},"end":{"line":250,"column":18}},"57":{"start":{"line":293,"column":0},"end":{"line":314,"column":2}},"58":{"start":{"line":297,"column":2},"end":{"line":313,"column":3}},"59":{"start":{"line":299,"column":4},"end":{"line":302,"column":5}},"60":{"start":{"line":301,"column":6},"end":{"line":301,"column":19}},"61":{"start":{"line":305,"column":4},"end":{"line":305,"column":35}},"62":{"start":{"line":308,"column":4},"end":{"line":308,"column":56}},"63":{"start":{"line":312,"column":4},"end":{"line":312,"column":12}},"64":{"start":{"line":316,"column":0},"end":{"line":318,"column":2}},"65":{"start":{"line":317,"column":2},"end":{"line":317,"column":23}},"66":{"start":{"line":324,"column":0},"end":{"line":331,"column":2}},"67":{"start":{"line":327,"column":2},"end":{"line":327,"column":39}},"68":{"start":{"line":330,"column":2},"end":{"line":330,"column":28}},"69":{"start":{"line":343,"column":0},"end":{"line":345,"column":2}},"70":{"start":{"line":344,"column":2},"end":{"line":344,"column":68}},"71":{"start":{"line":353,"column":0},"end":{"line":355,"column":2}},"72":{"start":{"line":354,"column":2},"end":{"line":354,"column":44}},"73":{"start":{"line":357,"column":0},"end":{"line":381,"column":2}},"74":{"start":{"line":359,"column":2},"end":{"line":361,"column":3}},"75":{"start":{"line":360,"column":4},"end":{"line":360,"column":43}},"76":{"start":{"line":365,"column":2},"end":{"line":365,"column":16}},"77":{"start":{"line":368,"column":2},"end":{"line":370,"column":3}},"78":{"start":{"line":369,"column":4},"end":{"line":369,"column":35}},"79":{"start":{"line":372,"column":2},"end":{"line":374,"column":3}},"80":{"start":{"line":373,"column":4},"end":{"line":373,"column":38}},"81":{"start":{"line":376,"column":2},"end":{"line":376,"column":34}},"82":{"start":{"line":378,"column":2},"end":{"line":378,"column":36}},"83":{"start":{"line":380,"column":2},"end":{"line":380,"column":27}},"84":{"start":{"line":383,"column":0},"end":{"line":395,"column":2}},"85":{"start":{"line":385,"column":2},"end":{"line":386,"column":40}},"86":{"start":{"line":388,"column":2},"end":{"line":390,"column":3}},"87":{"start":{"line":389,"column":4},"end":{"line":389,"column":11}},"88":{"start":{"line":392,"column":2},"end":{"line":392,"column":27}},"89":{"start":{"line":394,"column":2},"end":{"line":394,"column":36}},"90":{"start":{"line":397,"column":0},"end":{"line":422,"column":2}},"91":{"start":{"line":399,"column":2},"end":{"line":399,"column":30}},"92":{"start":{"line":400,"column":2},"end":{"line":407,"column":8}},"93":{"start":{"line":409,"column":2},"end":{"line":409,"column":80}},"94":{"start":{"line":411,"column":2},"end":{"line":414,"column":5}},"95":{"start":{"line":417,"column":2},"end":{"line":417,"column":37}},"96":{"start":{"line":419,"column":2},"end":{"line":421,"column":3}},"97":{"start":{"line":420,"column":4},"end":{"line":420,"column":37}},"98":{"start":{"line":432,"column":0},"end":{"line":434,"column":2}},"99":{"start":{"line":433,"column":2},"end":{"line":433,"column":48}},"100":{"start":{"line":436,"column":0},"end":{"line":447,"column":2}},"101":{"start":{"line":438,"column":2},"end":{"line":438,"column":62}},"102":{"start":{"line":440,"column":2},"end":{"line":444,"column":5}},"103":{"start":{"line":446,"column":2},"end":{"line":446,"column":19}},"104":{"start":{"line":449,"column":0},"end":{"line":453,"column":2}},"105":{"start":{"line":450,"column":2},"end":{"line":450,"column":83}},"106":{"start":{"line":452,"column":2},"end":{"line":452,"column":39}},"107":{"start":{"line":457,"column":0},"end":{"line":462,"column":2}},"108":{"start":{"line":465,"column":0},"end":{"line":465,"column":40}},"109":{"start":{"line":469,"column":0},"end":{"line":470,"column":44}},"110":{"start":{"line":480,"column":0},"end":{"line":501,"column":1}},"111":{"start":{"line":481,"column":2},"end":{"line":481,"column":39}},"112":{"start":{"line":483,"column":2},"end":{"line":490,"column":11}},"113":{"start":{"line":492,"column":2},"end":{"line":492,"column":39}},"114":{"start":{"line":494,"column":2},"end":{"line":494,"column":37}},"115":{"start":{"line":496,"column":2},"end":{"line":500,"column":5}},"116":{"start":{"line":497,"column":4},"end":{"line":497,"column":21}},"117":{"start":{"line":499,"column":4},"end":{"line":499,"column":27}}},"branchMap":{"1":{"line":36,"type":"if","locations":[{"start":{"line":36,"column":2},"end":{"line":36,"column":2}},{"start":{"line":36,"column":2},"end":{"line":36,"column":2}}]},"2":{"line":56,"type":"cond-expr","locations":[{"start":{"line":56,"column":32},"end":{"line":56,"column":36}},{"start":{"line":56,"column":39},"end":{"line":56,"column":41}}]},"3":{"line":152,"type":"binary-expr","locations":[{"start":{"line":152,"column":9},"end":{"line":152,"column":13}},{"start":{"line":152,"column":17},"end":{"line":152,"column":30}}]},"4":{"line":158,"type":"binary-expr","locations":[{"start":{"line":158,"column":8},"end":{"line":158,"column":54}},{"start":{"line":158,"column":58},"end":{"line":158,"column":61}}]},"5":{"line":164,"type":"binary-expr","locations":[{"start":{"line":164,"column":18},"end":{"line":168,"column":6}},{"start":{"line":168,"column":10},"end":{"line":168,"column":21}}]},"6":{"line":170,"type":"if","locations":[{"start":{"line":170,"column":4},"end":{"line":170,"column":4}},{"start":{"line":170,"column":4},"end":{"line":170,"column":4}}]},"7":{"line":181,"type":"binary-expr","locations":[{"start":{"line":181,"column":49},"end":{"line":181,"column":63}},{"start":{"line":181,"column":67},"end":{"line":181,"column":69}}]},"8":{"line":202,"type":"if","locations":[{"start":{"line":202,"column":2},"end":{"line":202,"column":2}},{"start":{"line":202,"column":2},"end":{"line":202,"column":2}}]},"9":{"line":209,"type":"if","locations":[{"start":{"line":209,"column":2},"end":{"line":209,"column":2}},{"start":{"line":209,"column":2},"end":{"line":209,"column":2}}]},"10":{"line":225,"type":"if","locations":[{"start":{"line":225,"column":2},"end":{"line":225,"column":2}},{"start":{"line":225,"column":2},"end":{"line":225,"column":2}}]},"11":{"line":236,"type":"binary-expr","locations":[{"start":{"line":236,"column":14},"end":{"line":236,"column":22}},{"start":{"line":236,"column":26},"end":{"line":236,"column":44}},{"start":{"line":236,"column":49},"end":{"line":236,"column":51}}]},"12":{"line":299,"type":"if","locations":[{"start":{"line":299,"column":4},"end":{"line":299,"column":4}},{"start":{"line":299,"column":4},"end":{"line":299,"column":4}}]},"13":{"line":359,"type":"if","locations":[{"start":{"line":359,"column":2},"end":{"line":359,"column":2}},{"start":{"line":359,"column":2},"end":{"line":359,"column":2}}]},"14":{"line":368,"type":"if","locations":[{"start":{"line":368,"column":2},"end":{"line":368,"column":2}},{"start":{"line":368,"column":2},"end":{"line":368,"column":2}}]},"15":{"line":368,"type":"binary-expr","locations":[{"start":{"line":368,"column":6},"end":{"line":368,"column":20}},{"start":{"line":368,"column":24},"end":{"line":368,"column":63}}]},"16":{"line":372,"type":"if","locations":[{"start":{"line":372,"column":2},"end":{"line":372,"column":2}},{"start":{"line":372,"column":2},"end":{"line":372,"column":2}}]},"17":{"line":388,"type":"if","locations":[{"start":{"line":388,"column":2},"end":{"line":388,"column":2}},{"start":{"line":388,"column":2},"end":{"line":388,"column":2}}]},"18":{"line":400,"type":"binary-expr","locations":[{"start":{"line":400,"column":20},"end":{"line":400,"column":35}},{"start":{"line":400,"column":39},"end":{"line":400,"column":56}}]},"19":{"line":401,"type":"binary-expr","locations":[{"start":{"line":401,"column":26},"end":{"line":401,"column":51}},{"start":{"line":401,"column":55},"end":{"line":401,"column":57}}]},"20":{"line":419,"type":"if","locations":[{"start":{"line":419,"column":2},"end":{"line":419,"column":2}},{"start":{"line":419,"column":2},"end":{"line":419,"column":2}}]},"21":{"line":419,"type":"binary-expr","locations":[{"start":{"line":419,"column":6},"end":{"line":419,"column":13}},{"start":{"line":419,"column":17},"end":{"line":419,"column":34}}]}},"code":["/**"," * The code in the <project-logo></project-logo> area"," * must not be changed."," *"," * @see http://bpmn.io/license for more information."," */","'use strict';","","var assign = require('lodash/object/assign'),","    omit = require('lodash/object/omit'),","    isNumber = require('lodash/lang/isNumber');","","var domify = require('min-dom/lib/domify'),","    domQuery = require('min-dom/lib/query'),","    domRemove = require('min-dom/lib/remove');","","var innerSVG = require('tiny-svg/lib/innerSVG');","","var Diagram = require('diagram-js'),","    BpmnModdle = require('bpmn-moddle');","","","var inherits = require('inherits');","","var Importer = require('./import/Importer');","","","function checkValidationError(err) {","","  // check if we can help the user by indicating wrong BPMN 2.0 xml","  // (in case he or the exporting tool did not get that right)","","  var pattern = /unparsable content <([^>]+)> detected([\\s\\S]*)$/;","  var match = pattern.exec(err.message);","","  if (match) {","    err.message =","      'unparsable content <' + match[1] + '> detected; ' +","      'this may indicate an invalid BPMN 2.0 diagram file' + match[2];","  }","","  return err;","}","","var DEFAULT_OPTIONS = {","  width: '100%',","  height: '100%',","  position: 'relative'","};","","","/**"," * Ensure the passed argument is a proper unit (defaulting to px)"," */","function ensureUnit(val) {","  return val + (isNumber(val) ? 'px' : '');","}","","/**"," * A viewer for BPMN 2.0 diagrams."," *"," * Have a look at {@link NavigatedViewer} or {@link Modeler} for bundles that include"," * additional features."," *"," *"," * ## Extending the Viewer"," *"," * In order to extend the viewer pass extension modules to bootstrap via the"," * `additionalModules` option. An extension module is an object that exposes"," * named services."," *"," * The following example depicts the integration of a simple"," * logging component that integrates with interaction events:"," *"," *"," * ```javascript"," *"," * // logging component"," * function InteractionLogger(eventBus) {"," *   eventBus.on('element.hover', function(event) {"," *     console.log()"," *   })"," * }"," *"," * InteractionLogger.$inject = [ 'eventBus' ]; // minification save"," *"," * // extension module"," * var extensionModule = {"," *   __init__: [ 'interactionLogger' ],"," *   interactionLogger: [ 'type', InteractionLogger ]"," * };"," *"," * // extend the viewer"," * var bpmnViewer = new Viewer({ additionalModules: [ extensionModule ] });"," * bpmnViewer.importXML(...);"," * ```"," *"," * @param {Object} [options] configuration options to pass to the viewer"," * @param {DOMElement} [options.container] the container to render the viewer in, defaults to body."," * @param {String|Number} [options.width] the width of the viewer"," * @param {String|Number} [options.height] the height of the viewer"," * @param {Object} [options.moddleExtensions] extension packages to provide"," * @param {Array<didi.Module>} [options.modules] a list of modules to override the default modules"," * @param {Array<didi.Module>} [options.additionalModules] a list of modules to use with the default modules"," */","function Viewer(options) {","","  options = assign({}, DEFAULT_OPTIONS, options);","","  this.moddle = this._createModdle(options);","","  this.container = this._createContainer(options);","","  /* <project-logo> */","","  addProjectLogo(this.container);","","  /* </project-logo> */","","  this._init(this.container, this.moddle, options);","}","","inherits(Viewer, Diagram);","","module.exports = Viewer;","","","/**"," * Parse and render a BPMN 2.0 diagram."," *"," * Once finished the viewer reports back the result to the"," * provided callback function with (err, warnings)."," *"," * ## Life-Cycle Events"," *"," * During import the viewer will fire life-cycle events:"," *"," *   * import.parse.start (about to read model from xml)"," *   * import.parse.complete (model read; may have worked or not)"," *   * import.render.start (graphical import start)"," *   * import.render.complete (graphical import finished)"," *   * import.done (everything done)"," *"," * You can use these events to hook into the life-cycle."," *"," * @param {String} xml the BPMN 2.0 xml"," * @param {Function} [done] invoked with (err, warnings=[])"," */","Viewer.prototype.importXML = function(xml, done) {","","  // done is optional","  done = done || function() {};","","  var self = this;","","  // hook in pre-parse listeners +","  // allow xml manipulation","  xml = this._emit('import.parse.start', { xml: xml }) || xml;","","  this.moddle.fromXML(xml, 'bpmn:Definitions', function(err, definitions, context) {","","    // hook in post parse listeners +","    // allow definitions manipulation","    definitions = self._emit('import.parse.complete', {","      error: err,","      definitions: definitions,","      context: context","    }) || definitions;","","    if (err) {","      err = checkValidationError(err);","","      self._emit('import.done', { error: err });","","      return done(err);","    }","","    var parseWarnings = context.warnings;","","    self.importDefinitions(definitions, function(err, importWarnings) {","      var allWarnings = [].concat(parseWarnings, importWarnings || []);","","      self._emit('import.done', { error: err, warnings: allWarnings });","","      done(err, allWarnings);","    });","  });","};","","/**"," * Export the currently displayed BPMN 2.0 diagram as"," * a BPMN 2.0 XML document."," *"," * @param {Object} [options] export options"," * @param {Boolean} [options.format=false] output formated XML"," * @param {Boolean} [options.preamble=true] output preamble"," *"," * @param {Function} done invoked with (err, xml)"," */","Viewer.prototype.saveXML = function(options, done) {","","  if (!done) {","    done = options;","    options = {};","  }","","  var definitions = this.definitions;","","  if (!definitions) {","    return done(new Error('no definitions loaded'));","  }","","  this.moddle.toXML(definitions, options, done);","};","","/**"," * Export the currently displayed BPMN 2.0 diagram as"," * an SVG image."," *"," * @param {Object} [options]"," * @param {Function} done invoked with (err, svgStr)"," */","Viewer.prototype.saveSVG = function(options, done) {","","  if (!done) {","    done = options;","    options = {};","  }","","  var canvas = this.get('canvas');","","  var contentNode = canvas.getDefaultLayer(),","      defsNode = domQuery('defs', canvas._svg);","","  var contents = innerSVG(contentNode),","      defs = (defsNode && defsNode.outerHTML) || '';","","  var bbox = contentNode.getBBox();","","  var svg =","    '<?xml version=\"1.0\" encoding=\"utf-8\"?>\\n' +","    '<!-- created with bpmn-js / http://bpmn.io -->\\n' +","    '<!DOCTYPE svg PUBLIC \"-//W3C//DTD SVG 1.1//EN\" \"http://www.w3.org/Graphics/SVG/1.1/DTD/svg11.dtd\">\\n' +","    '<svg xmlns=\"http://www.w3.org/2000/svg\" xmlns:xlink=\"http://www.w3.org/1999/xlink\" ' +","         'width=\"' + bbox.width + '\" height=\"' + bbox.height + '\" ' +","         'viewBox=\"' + bbox.x + ' ' + bbox.y + ' ' + bbox.width + ' ' + bbox.height + '\" version=\"1.1\">' +","      defs + contents +","    '</svg>';","","  done(null, svg);","};","","/**"," * Get a named diagram service."," *"," * @example"," *"," * var elementRegistry = viewer.get('elementRegistry');"," * var startEventShape = elementRegistry.get('StartEvent_1');"," *"," * @param {String} name"," *"," * @return {Object} diagram service instance"," *"," * @method Viewer#get"," */","","/**"," * Invoke a function in the context of this viewer."," *"," * @example"," *"," * viewer.invoke(function(elementRegistry) {"," *   var startEventShape = elementRegistry.get('StartEvent_1');"," * });"," *"," * @param {Function} fn to be invoked"," *"," * @return {Object} the functions return value"," *"," * @method Viewer#invoke"," */","","/**"," * Remove all drawn elements from the viewer."," *"," * After calling this method the viewer can still"," * be reused for opening another diagram."," *"," * @method Viewer#clear"," */","","Viewer.prototype.importDefinitions = function(definitions, done) {","","  // use try/catch to not swallow synchronous exceptions","  // that may be raised during model parsing","  try {","","    if (this.definitions) {","      // clear existing rendered diagram","      this.clear();","    }","","    // update definitions","    this.definitions = definitions;","","    // perform graphical import","    Importer.importBpmnDiagram(this, definitions, done);","  } catch (e) {","","    // handle synchronous errors","    done(e);","  }","};","","Viewer.prototype.getModules = function() {","  return this._modules;","};","","/**"," * Destroy the viewer instance and remove all its"," * remainders from the document tree."," */","Viewer.prototype.destroy = function() {","","  // diagram destroy","  Diagram.prototype.destroy.call(this);","","  // dom detach","  domRemove(this.container);","};","","/**"," * Register an event listener"," *"," * Remove a previously added listener via {@link #off(event, callback)}."," *"," * @param {String} event"," * @param {Number} [priority]"," * @param {Function} callback"," * @param {Object} [that]"," */","Viewer.prototype.on = function(event, priority, callback, target) {","  return this.get('eventBus').on(event, priority, callback, target);","};","","/**"," * De-register an event listener"," *"," * @param {String} event"," * @param {Function} callback"," */","Viewer.prototype.off = function(event, callback) {","  this.get('eventBus').off(event, callback);","};","","Viewer.prototype.attachTo = function(parentNode) {","","  if (!parentNode) {","    throw new Error('parentNode required');","  }","","  // ensure we detach from the","  // previous, old parent","  this.detach();","","  // unwrap jQuery if provided","  if (parentNode.get && parentNode.constructor.prototype.jquery) {","    parentNode = parentNode.get(0);","  }","","  if (typeof parentNode === 'string') {","    parentNode = domQuery(parentNode);","  }","","  var container = this._container;","","  parentNode.appendChild(container);","","  this._emit('attach', {});","};","","Viewer.prototype.detach = function() {","","  var container = this._container,","      parentNode = container.parentNode;","","  if (!parentNode) {","    return;","  }","","  this._emit('detach', {});","","  parentNode.removeChild(container);","};","","Viewer.prototype._init = function(container, moddle, options) {","","  this._container = container;","  var baseModules = options.modules || this.getModules(),","      additionalModules = options.additionalModules || [],","      staticModules = [","        {","          bpmnjs: [ 'value', this ],","          moddle: [ 'value', moddle ]","        }","      ];","","  var diagramModules = [].concat(staticModules, baseModules, additionalModules);","","  var diagramOptions = assign(omit(options, 'additionalModules'), {","    canvas: assign({}, options.canvas, { container: container }),","    modules: diagramModules","  });","","  // invoke diagram constructor","  Diagram.call(this, diagramOptions);","","  if (options && options.container) {","    this.attachTo(options.container);","  }","};","","/**"," * Emit an event on the underlying {@link EventBus}"," *"," * @param  {String} type"," * @param  {Object} event"," *"," * @return {Object} event processing result (if any)"," */","Viewer.prototype._emit = function(type, event) {","  return this.get('eventBus').fire(type, event);","};","","Viewer.prototype._createContainer = function(options) {","","  var container = domify('<div class=\"bjs-container\"></div>');","","  assign(container.style, {","    width: ensureUnit(options.width),","    height: ensureUnit(options.height),","    position: options.position","  });","","  return container;","};","","Viewer.prototype._createModdle = function(options) {","  var moddleOptions = assign({}, this._moddleExtensions, options.moddleExtensions);","","  return new BpmnModdle(moddleOptions);","};","","","// modules the viewer is composed of","Viewer.prototype._modules = [","  require('./core'),","  require('diagram-js/lib/i18n/translate'),","  require('diagram-js/lib/features/selection'),","  require('diagram-js/lib/features/overlays')","];","","// default moddle extensions the viewer is composed of","Viewer.prototype._moddleExtensions = {};","","/* <project-logo> */","","var PoweredBy = require('./util/PoweredByUtil'),","    domEvent = require('min-dom/lib/event');","","/**"," * Adds the project logo to the diagram container as"," * required by the bpmn.io license."," *"," * @see http://bpmn.io/license"," *"," * @param {Element} container"," */","function addProjectLogo(container) {","  var logoData = PoweredBy.BPMNIO_LOGO;","","  var linkMarkup =","    '<a href=\"http://bpmn.io\" ' +","       'target=\"_blank\" ' +","       'class=\"bjs-powered-by\" ' +","       'title=\"Powered by bpmn.io\" ' +","       'style=\"position: absolute; bottom: 15px; right: 15px; z-index: 100\">' +","        '<img src=\"data:image/png;base64,' + logoData + '\">' +","    '</a>';","","  var linkElement = domify(linkMarkup);","","  container.appendChild(linkElement);","","  domEvent.bind(linkElement, 'click', function(event) {","    PoweredBy.open();","","    event.preventDefault();","  });","}","","/* </project-logo> */",""],"l":{"9":10,"13":10,"17":10,"19":10,"23":10,"25":10,"28":1,"33":0,"34":0,"36":0,"37":0,"42":0,"45":10,"55":1,"56":0,"106":1,"108":0,"110":0,"112":0,"116":0,"120":0,"123":10,"125":10,"149":10,"152":0,"154":0,"158":0,"160":0,"164":0,"170":0,"171":0,"173":0,"175":0,"178":0,"180":0,"181":0,"183":0,"185":0,"200":10,"202":0,"203":0,"204":0,"207":0,"209":0,"210":0,"213":0,"223":10,"225":0,"226
[...]
314,"column":65},"end":{"line":314,"column":72}}]},"44":{"line":333,"type":"binary-expr","locations":[{"start":{"line":333,"column":16},"end":{"line":333,"column":32}},{"start":{"line":333,"column":36},"end":{"line":333,"column":43}}]},"45":{"line":344,"type":"binary-expr","locations":[{"start":{"line":344,"column":16},"end":{"line":344,"column":32}},{"start":{"line":344,"column":36},"end":{"line":344,"column":43}}]},"46":{"line":356,"type":"if","locations":[{"start":{"line":356,"column":2},"end":{"line":356,"column":2}},{"start":{"line":356,"column":2},"end":{"line":356,"column":2}}]},"47":{"line":365,"type":"if","locations":[{"start":{"line":365,"column":2},"end":{"line":365,"column":2}},{"start":{"line":365,"column":2},"end":{"line":365,"column":2}}]},"48":{"line":365,"type":"binary-expr","locations":[{"start":{"line":365,"column":6},"end":{"line":365,"column":37}},{"start":{"line":365,"column":41},"end":{"line":365,"column":63}}]},"49":{"line":370,"type":"if","locations":[{"start":{"line":370,"column":2},"end":{"line":370,"column":2}},{"start":{"line":370,"column":2},"end":{"line":370,"column":2}}]},"50":{"line":374,"type":"binary-expr","locations":[{"start":{"line":374,"column":17},"end":{"line":374,"column":48}},{"start":{"line":374,"column":52},"end":{"line":374,"column":54}}]},"51":{"line":379,"type":"if","locations":[{"start":{"line":379,"column":4},"end":{"line":379,"column":4}},{"start":{"line":379,"column":4},"end":{"line":379,"column":4}}]},"52":{"line":385,"type":"if","locations":[{"start":{"line":385,"column":4},"end":{"line":385,"column":4}},{"start":{"line":385,"column":4},"end":{"line":385,"column":4}}]},"53":{"line":394,"type":"if","locations":[{"start":{"line":394,"column":4},"end":{"line":394,"column":4}},{"start":{"line":394,"column":4},"end":{"line":394,"column":4}}]},"54":{"line":399,"type":"binary-expr","locations":[{"start":{"line":399,"column":38},"end":{"line":399,"column":54}},{"start":{"line":399,"column":58},"end":{"line":399,"column":65}}]},"55":{"line":405,"type":"if","locations":[{"start":{"line":405,"column":4},"end":{"line":405,"column":4}},{"start":{"line":405,"column":4},"end":{"line":405,"column":4}}]},"56":{"line":410,"type":"binary-expr","locations":[{"start":{"line":410,"column":38},"end":{"line":410,"column":54}},{"start":{"line":410,"column":58},"end":{"line":410,"column":65}}]},"57":{"line":419,"type":"if","locations":[{"start":{"line":419,"column":2},"end":{"line":419,"column":2}},{"start":{"line":419,"column":2},"end":{"line":419,"column":2}}]},"58":{"line":424,"type":"binary-expr","locations":[{"start":{"line":424,"column":11},"end":{"line":424,"column":25}},{"start":{"line":424,"column":29},"end":{"line":424,"column":41}}]},"59":{"line":440,"type":"binary-expr","locations":[{"start":{"line":440,"column":11},"end":{"line":440,"column":17}},{"start":{"line":440,"column":21},"end":{"line":440,"column":22}}]},"60":{"line":458,"type":"if","locations":[{"start":{"line":458,"column":2},"end":{"line":458,"column":2}},{"start":{"line":458,"column":2},"end":{"line":458,"column":2}}]},"61":{"line":461,"type":"if","locations":[{"start":{"line":461,"column":2},"end":{"line":461,"column":2}},{"start":{"line":461,"column":2},"end":{"line":461,"column":2}}]},"62":{"line":465,"type":"if","locations":[{"start":{"line":465,"column":2},"end":{"line":465,"column":2}},{"start":{"line":465,"column":2},"end":{"line":465,"column":2}}]},"63":{"line":468,"type":"if","locations":[{"start":{"line":468,"column":2},"end":{"line":468,"column":2}},{"start":{"line":468,"column":2},"end":{"line":468,"column":2}}]},"64":{"line":482,"type":"if","locations":[{"start":{"line":482,"column":2},"end":{"line":482,"column":2}},{"start":{"line":482,"column":2},"end":{"line":482,"column":2}}]},"65":{"line":485,"type":"if","locations":[{"start":{"line":485,"column":2},"end":{"line":485,"column":2}},{"start":{"line":485,"column":2},"end":{"line":485,"column":2}}]},"66":{"line":489,"type":"if","locations":[{"start":{"line":489,"column":2},"end":{"line":489,"column":2}},{"start":{"line":489,"column":2},"end":{"line":489,"column":2}}]},"67":{"line":492,"type":"if","locations":[{"start":{"line":492,"column":2},"end":{"line":492,"column":2}},{"start":{"line":492,"column":2},"end":{"line":492,"column":2}}]}},"code":["'use strict';","","var inherits = require('inherits');","","var abs = Math.abs;","","var forEach = require('lodash/collection/forEach'),","    filter = require('lodash/collection/filter'),","    assign = require('lodash/object/assign');","","var getBoundingBox = require('diagram-js/lib/util/Elements').getBBox;","","var is = require('../../util/ModelUtil').is,","    isAny = require('../modeling/util/ModelingUtil').isAny,","    isExpanded = require('../../util/DiUtil').isExpanded;","","var Snapping = require('diagram-js/lib/features/snapping/Snapping'),","    SnapUtil = require('diagram-js/lib/features/snapping/SnapUtil');","","var asTRBL = require('diagram-js/lib/layout/LayoutUtil').asTRBL;","","var round = Math.round;","","var mid = SnapUtil.mid,","    topLeft = SnapUtil.topLeft,","    bottomRight = SnapUtil.bottomRight,","    isSnapped = SnapUtil.isSnapped,","    setSnapped = SnapUtil.setSnapped;","","var getBoundaryAttachment = require('./BpmnSnappingUtil').getBoundaryAttachment,","    getParticipantSizeConstraints = require('./BpmnSnappingUtil').getParticipantSizeConstraints,","    getLanesRoot = require('../modeling/util/LaneUtil').getLanesRoot;","","var HIGH_PRIORITY = 1500;","","","/**"," * BPMN specific snapping functionality"," *"," *  * snap on process elements if a pool is created inside a"," *    process diagram"," *"," * @param {EventBus} eventBus"," * @param {Canvas} canvas"," */","function BpmnSnapping(eventBus, canvas, bpmnRules, elementRegistry) {","","  // instantiate super","  Snapping.call(this, eventBus, canvas);","","","  /**","   * Drop participant on process <> process elements snapping","   */","  eventBus.on('create.start', function(event) {","","    var context = event.context,","        shape = context.shape,","        rootElement = canvas.getRootElement();","","    // snap participant around existing elements (if any)","    if (is(shape, 'bpmn:Participant') && is(rootElement, 'bpmn:Process')) {","      initParticipantSnapping(context, shape, rootElement.children);","    }","  });","","  eventBus.on([ 'create.move', 'create.end' ], HIGH_PRIORITY, function(event) {","","    var context = event.context,","        shape = context.shape,","        participantSnapBox = context.participantSnapBox;","","    if (!isSnapped(event) && participantSnapBox) {","      snapParticipant(participantSnapBox, shape, event);","    }","  });","","  eventBus.on('shape.move.start', function(event) {","","    var context = event.context,","        shape = context.shape,","        rootElement = canvas.getRootElement();","","    // snap participant around existing elements (if any)","    if (is(shape, 'bpmn:Participant') && is(rootElement, 'bpmn:Process')) {","      initParticipantSnapping(context, shape, rootElement.children);","    }","  });","","","  function canAttach(shape, target, position) {","    return bpmnRules.canAttach([ shape ], target, null, position) === 'attach';","  }","","  function canConnect(source, target) {","    return bpmnRules.canConnect(source, target);","  }","","  /**","   * Snap boundary events to elements border","   */","  eventBus.on([","    'create.move',","    'create.end',","    'shape.move.move',","    'shape.move.end'","  ], HIGH_PRIORITY, function(event) {","","    var context = event.context,","        target = context.target,","        shape = context.shape;","","    if (target && !isSnapped(event) && canAttach(shape, target, event)) {","      snapBoundaryEvent(event, shape, target);","    }","  });","","  /**","   * Adjust parent for flowElements to the target participant","   * when droping onto lanes.","   */","  eventBus.on([","    'shape.move.hover',","    'shape.move.move',","    'shape.move.end',","    'create.hover',","    'create.move',","    'create.end'","  ], HIGH_PRIORITY, function(event) {","    var context = event.context,","        shape = context.shape,","        hover = event.hover;","","    if (is(hover, 'bpmn:Lane') && !isAny(shape, [ 'bpmn:Lane', 'bpmn:Participant' ])) {","      event.hover = getLanesRoot(hover);","      event.hoverGfx = elementRegistry.getGraphics(event.hover);","    }","  });","","  /**","   * Snap sequence flows.","   */","  eventBus.on([","    'connect.move',","    'connect.hover',","    'connect.end'","  ], HIGH_PRIORITY, function(event) {","    var context = event.context,","        source = context.source,","        target = context.target;","","    var connection = canConnect(source, target) || {};","","    if (!context.initialSourcePosition) {","      context.initialSourcePosition = context.sourcePosition;","    }","","    if (target && connection.type === 'bpmn:SequenceFlow') {","","      // snap source","      context.sourcePosition = mid(source);","","      // snap target","      assign(event, mid(target));","    } else {","","      // otherwise reset source snap","      context.sourcePosition = context.initialSourcePosition;","    }","","  });","","","  eventBus.on([","    'create.move',","    'shape.move.move'","  ], function(event) {","","    var context = event.context,","        shape = context.shape,","        target = context.target;","","    var threshold = 30;","","    if (is(shape, 'bpmn:Lane')) {","      if (isAny(target, [ 'bpmn:Lane', 'bpmn:Participant' ])) {","","        var childLanes = filter(target.children, function(c) {","          return is(c, 'bpmn:Lane');","        });","","        var y = event.y,","            targetTrbl;","","        var insert = childLanes.reduce(function(insert, l) {","","          var laneTrbl = asTRBL(l);","","          if (abs(laneTrbl.top - y) < threshold) {","            insert = assign(insert || {}, { before: { element: l, y: laneTrbl.top } });","          } else","          if (abs(laneTrbl.bottom - y) < threshold) {","            insert = assign(insert || {}, { after: { element: l, y: laneTrbl.bottom } });","          } else","          if (laneTrbl.top < y && laneTrbl.bottom > y) {","            if (abs(laneTrbl.top - y) > abs(laneTrbl.bottom - y)) {","              insert = assign(insert || {}, { after: { element: l, y: laneTrbl.bottom } });","            } else {","              insert = assign(insert || {}, { before: { element: l, y: laneTrbl.top } });","            }","","          }","","          return insert;","        }, false);","","","        if (!insert) {","          targetTrbl = asTRBL(target);","","          if (abs(targetTrbl.top - y) < threshold) {","            insert = { before: { element: target, y: targetTrbl.top } };","          } else","          if (abs(targetTrbl.bottom - y) < threshold) {","            insert = { after: { element: target, y: targetTrbl.bottom } };","          } else {","            insert = { into: { element: target, y: (targetTrbl.top + targetTrbl.bottom) / 2 } };","          }","","        }","","        if (insert.before && insert.after) {","          console.log('insert between', insert.before.element.id, 'and', insert.after.element.id);","          setSnapped(event, 'x', insert.before.element.x + insert.before.element.width / 2);","          setSnapped(event, 'y', insert.before.y);","        } else","        if (insert.after) {","          console.log('insert after', insert.after.element.id);","          setSnapped(event, 'x', insert.after.element.x + insert.after.element.width / 2);","          setSnapped(event, 'y', insert.after.y);","        } else","        if (insert.before) {","          console.log('insert before', insert.before.element.id);","          setSnapped(event, 'x', insert.before.element.x + insert.before.element.width / 2);","          setSnapped(event, 'y', insert.before.y);","        } else","        if (insert.into) {","          console.log('insert into', insert.into.element.id);","          setSnapped(event, 'x', insert.into.element.x + insert.into.element.width / 2);","          setSnapped(event, 'y', insert.into.y);","        }","      }","    }","","  });","","  eventBus.on('resize.start', HIGH_PRIORITY, function(event) {","    var context = event.context,","        shape = context.shape;","","    if (is(shape, 'bpmn:SubProcess') && isExpanded(shape)) {","      context.minDimensions = { width: 140, height: 120 };","    }","","    if (is(shape, 'bpmn:Participant')) {","      context.minDimensions = { width: 300, height: 150 };","    }","","    if (is(shape, 'bpmn:Lane') || is(shape, 'bpmn:Participant')) {","      context.resizeConstraints = getParticipantSizeConstraints(shape, context.direction, context.balanced);","    }","","    if (is(shape, 'bpmn:TextAnnotation')) {","      context.minDimensions = { width: 50, height: 30 };","    }","  });","","}","","inherits(BpmnSnapping, Snapping);","","BpmnSnapping.$inject = [ 'eventBus', 'canvas', 'bpmnRules', 'elementRegistry' ];","","module.exports = BpmnSnapping;","","","BpmnSnapping.prototype.initSnap = function(event) {","","  var context = event.context,","      shape = event.shape,","      shapeMid,","      shapeBounds,","      shapeTopLeft,","      shapeBottomRight,","      snapContext;","","","  snapContext = Snapping.prototype.initSnap.call(this, event);","","  if (is(shape, 'bpmn:Participant')) {","    // assign higher priority for outer snaps on participants","    snapContext.setSnapLocations([ 'top-left', 'bottom-right', 'mid' ]);","  }","","","  if (shape) {","","    shapeMid = mid(shape, event);","","    shapeBounds = {","      width: shape.width,","      height: shape.height,","      x: isNaN(shape.x) ? round(shapeMid.x - shape.width / 2) : shape.x,","      y: isNaN(shape.y) ? round(shapeMid.y - shape.height / 2) : shape.y","    };","","    shapeTopLeft = topLeft(shapeBounds);","    shapeBottomRight = bottomRight(shapeBounds);","","    snapContext.setSnapOrigin('top-left', {","      x: shapeTopLeft.x - event.x,","      y: shapeTopLeft.y - event.y","    });","","    snapContext.setSnapOrigin('bottom-right', {","      x: shapeBottomRight.x - event.x,","      y: shapeBottomRight.y - event.y","    });","","    forEach(shape.outgoing, function(c) {","      var docking = c.waypoints[0];","","      docking = docking.original || docking;","","      snapContext.setSnapOrigin(c.id + '-docking', {","        x: docking.x - event.x,","        y: docking.y - event.y","      });","    });","","    forEach(shape.incoming, function(c) {","      var docking = c.waypoints[c.waypoints.length - 1];","","      docking = docking.original || docking;","","      snapContext.setSnapOrigin(c.id + '-docking', {","        x: docking.x - event.x,","        y: docking.y - event.y","      });","    });","","  }","","  var source = context.source;","","  if (source) {","    snapContext.addDefaultSnap('mid', mid(source));","  }","};","","","BpmnSnapping.prototype.addTargetSnaps = function(snapPoints, shape, target) {","","  // use target parent as snap target","  if (is(shape, 'bpmn:BoundaryEvent') && shape.type !== 'label') {","    target = target.parent;","  }","","  // add sequence flow parents as snap targets","  if (is(target, 'bpmn:SequenceFlow')) {","    this.addTargetSnaps(snapPoints, shape, target.parent);","  }","","  var siblings = this.getSiblings(shape, target) || [];","","  forEach(siblings, function(s) {","","    // do not snap to lanes","    if (is(s, 'bpmn:Lane')) {","      return;","    }","","    snapPoints.add('mid', mid(s));","","    if (is(s, 'bpmn:Participant')) {","      snapPoints.add('top-left', topLeft(s));","      snapPoints.add('bottom-right', bottomRight(s));","    }","  });","","","  forEach(shape.incoming, function(c) {","","    if (siblings.indexOf(c.source) === -1) {","      snapPoints.add('mid', mid(c.source));","    }","","    var docking = c.waypoints[0];","    snapPoints.add(c.id + '-docking', docking.original || docking);","  });","","","  forEach(shape.outgoing, function(c) {","","    if (siblings.indexOf(c.target) === -1) {","      snapPoints.add('mid', mid(c.target));","    }","","    var docking = c.waypoints[c.waypoints.length - 1];","    snapPoints.add(c.id + '-docking', docking.original || docking);","  });","};","","","/////// participant snapping //////////////////","","function initParticipantSnapping(context, shape, elements) {","","  if (!elements.length) {","    return;","  }","","  var snapBox = getBoundingBox(elements.filter(function(e) {","    return !e.labelTarget && !e.waypoints;","  }));","","  snapBox.x -= 50;","  snapBox.y -= 20;","  snapBox.width += 70;","  snapBox.height += 40;","","  // adjust shape height to include bounding box","  shape.width = Math.max(shape.width, snapBox.width);","  shape.height = Math.max(shape.height, snapBox.height);","","  context.participantSnapBox = snapBox;","}","","function snapParticipant(snapBox, shape, event, offset) {","  offset = offset || 0;","","  var shapeHalfWidth = shape.width / 2 - offset,","      shapeHalfHeight = shape.height / 2;","","  var currentTopLeft = {","    x: event.x - shapeHalfWidth - offset,","    y: event.y - shapeHalfHeight","  };","","  var currentBottomRight = {","    x: event.x + shapeHalfWidth + offset,","    y: event.y + shapeHalfHeight","  };","","  var snapTopLeft = snapBox,","      snapBottomRight = bottomRight(snapBox);","","  if (currentTopLeft.x >= snapTopLeft.x) {","    setSnapped(event, 'x', snapTopLeft.x + offset + shapeHalfWidth);","  } else","  if (currentBottomRight.x <= snapBottomRight.x) {","    setSnapped(event, 'x', snapBottomRight.x - offset - shapeHalfWidth);","  }","","  if (currentTopLeft.y >= snapTopLeft.y) {","    setSnapped(event, 'y', snapTopLeft.y + shapeHalfHeight);","  } else","  if (currentBottomRight.y <= snapBottomRight.y) {","    setSnapped(event, 'y', snapBottomRight.y - shapeHalfHeight);","  }","}","","","/////// boundary event snapping /////////////////////////","","","function snapBoundaryEvent(event, shape, target) {","  var targetTRBL = asTRBL(target);","","  var direction = getBoundaryAttachment(event, target);","","  if (/top/.test(direction)) {","    setSnapped(event, 'y', targetTRBL.top);","  } else","  if (/bottom/.test(direction)) {","    setSnapped(event, 'y', targetTRBL.bottom);","  }","","  if (/left/.test(direction)) {","    setSnapped(event, 'x', targetTRBL.left);","  } else","  if (/right/.test(direction)) {","    setSnapped(event, 'x', targetTRBL.right);","  }","}",""],"l":{"3":1,"5":1,"7":1,"11":1,"13":1,"17":1,"20":1,"22":1,"24":1,"30":1,"34":1,"46":1,"49":0,"55":0,"57":0,"62":0,"63":0,"67":0,"69":0,"73":0,"74":0,"78":0,"80":0,"85":0,"86":0,"91":1,"92":0,"95":1,"96":0,"102":0,"109":0,"113":0,"114":0,"122":0,"130":0,"134":0,"135":0,"136":0,"143":0,"148":0,"152":0,"154":0,"155":0,"158":0,"161":0,"164":0,"168":0,"174":0,"179":0,"183":0,"185":0,"186":0,"188":0,"189":0,"192":0,"195":0,"197":0,"199":0,"200":0,"202":0,"203":0,"205":0,"206":0,"207":0,"209":0,"214":0,"218":0,"219":0,"221":0,"222":0,"224":0,"225":0,"227":0,"232":0,"233":0,"234":0,"235":0,"237":0,"238":0,"239":0,"240":0,"242":0,"243":0,"244":0,"245":0,"247":0,"248":0,"249":0,"250":0,"257":0,"258":0,"261":0,"262":0,"265":0,"266":0,"269":0,"270":0,"273":0,"274":0,"280":1,"282":1,"284":1,"287":1,"289":0,"298":0,"300":0,"302":0,"306":0,"308":0,"310":0,"317":0,"318":0,"320":0,"325":0,"330":0,"331":0,"333":0,"335":0,"341":0,"342":0,"344":0,"346":0,"354":0,"356":0,"357":0,"362":1,"365":0,"366":0,"370":0,"371":0,"374":0,"376":0,"379":0,"380":0,"383":0,"385":0,"386":0,"387":0,"392":0,"394":0,"395":0,"398":0,"399":0,"403":0,"405":0,"406":0,"409":0,"410":0,"417":1,"419":0,"420":0,"423":0,"424":0,"427":0,"428":0,"429":0,"430":0,"433":0,"434":0,"436":0,"439":1,"440":0,"442":0,"445":0,"450":0,"455":0,"458":0,"459":0,"461":0,"462":0,"465":0,"466":0,"468":0,"469":0,"477":1,"478":0,"480":0,"482":0,"483":0,"485":0,"486":0,"489":0,"490":0,"492":0,"493":0}}}